<?xml version="1.0" encoding="UTF-8"?>
<robot generator="Robot 7.1 (Python 3.12.5 on win32)" generated="2024-10-23T10:44:07.880842" rpa="false" schemaversion="5">
<suite id="s1" name="Demo3 Suite" source="c:\Ptyhon Robot\TestP\robot_suite\demo3_suite.robot">
<test id="s1-t1" name="TC3" line="12">
<kw name="Log" owner="BuiltIn">
<msg time="2024-10-23T10:44:07.925987" level="INFO">C:\Users\ashisy\AppData\Local\Temp</msg>
<arg>${TEMPDIR}</arg>
<doc>Logs the given message with the given level.</doc>
<status status="PASS" start="2024-10-23T10:44:07.921388" elapsed="0.004599"/>
</kw>
<kw name="List Directories In Directory" owner="OperatingSystem">
<msg time="2024-10-23T10:44:07.925987" level="INFO" html="true">Listing contents of directory '&lt;a href="file://C:\Users\ashisy\AppData\Local\Temp"&gt;C:\Users\ashisy\AppData\Local\Temp&lt;/a&gt;'.</msg>
<msg time="2024-10-23T10:44:08.039635" level="INFO">1892 directories:
.net
0483B701-4561-49FE-97A1-FA6147B6B877
0F2377AD-C29C-4636-A760-8E52CBAC6F30
12642E82-D404-41FA-AA1B-BAC290F28D07
235A424F-5044-4FFB-AAAC-E845D792876E
2633E97D-2EE8-4DD5-AA77-1C3FEE304861
26EC7937-A38C-493F-86C9-08ED49D320ED
367f4da9-d98f-47d4-b607-6a029959f3ec_PDS_RD_14082024_6a14214c-1268-4453-aab0-69f0e4ac538b.zip.3ec
36C851F8-F4A3-486E-811A-691575526182
379DDC5D-5999-4128-815E-A97B96A44380
39DE586A-B85A-4E44-A0BA-7D801A9A6B72
3DD57D91-2D04-4C01-86AB-F282A8134422
47130965-663D-41E1-B425-45AD225453D7
4AC137FC-D139-4B99-A9F0-066203A53DD5
5ED3222B-C4D5-428C-B1AE-7076976E4C50
62E30A91-8FB3-4BEC-B451-2E6192CDD14D
66EF997F-08AC-4D3F-9BA4-F674A79607EE
6736E0F1-A63E-4B0A-B764-675321B10E87
67C81AE5-2406-42CA-BBE0-DD595429CED3
767D63B2-3CC6-402D-915F-09BDA02C99A6
80719383-480C-4DD0-92FF-44A6AD7BB7EF
8B7BC1F2-6326-4B9F-A1CD-0B55A4E589F5
A7AD5C75-7993-43E6-AEF8-C6FABE7D823D
AD8A813F-F42E-4470-867C-1A19672185D6
ActivityVisualCache
AddinExpress
BCB31DC7-DC6B-4E14-B457-291CC3F41687
BD29DEC0-0D6B-4DBA-9875-50F1EC122E3A
BEF3FDEB-1067-48C9-B283-E03F63F44B0A
CTXReceiverLogs
D22CD29B-A4F5-4ABC-B21D-369A920CBD8A
D5827255-C4A1-469D-BEC3-17DA5CE54D09
D7134E25-2FCA-4210-A699-22E80DF8650F
Deployment
Diagnostics
E0FEBF18-9D60-4781-BA88-A7BD2340DB45
ECA6B212-89C8-40A0-94D4-75789C97C777
EFF9C7E8-A881-4AD7-9EB8-9AE1BD7CAAE8
Excel8.0
ExpressZip-18116-1
ExpressZip-18116-2
F438F337-5CD2-4CD7-85DF-37DF7973D084
F82AAB1F-07D5-4488-84E5-D49854EF0AC2
FCAD3C4B-22CC-4065-B326-8AF63A56608A
FDCE994F-7A8A-4178-B302-F7F339F796A9
FF491DC0-A4AF-489E-99BE-DCAEA523376F
Low
Microsoft
Outlook Logging
PhotoCache
PowerQuery
SDIAG_b2b3af0c-2a92-4032-91bf-fd2693369c70
SDIAG_e8fa5726-6d64-4c19-b4d2-f9224dec52c9
SnagitCapture
TCD1268.tmp
TCD1269.tmp
TCD126A.tmp
TCD126B.tmp
TCD126C.tmp
TCD126D.tmp
TCD126E.tmp
TCD126F.tmp
TCD1270.tmp
TCD1271.tmp
TCD1272.tmp
TCD1273.tmp
TCD1274.tmp
TCD127E.tmp
TCD1291.tmp
TCD12A1.tmp
TCD12A2.tmp
TCD12A3.tmp
TCD12A4.tmp
TCD12A5.tmp
TCD12A6.tmp
TCD12B7.tmp
TCD12C6.tmp
TCD12C7.tmp
TCD12D8.tmp
TCD133A.tmp
TCD133B.tmp
TCD134C.tmp
TCD134D.tmp
TCD134E.tmp
TCD134F.tmp
TCD1350.tmp
TCD1351.tmp
TCD1352.tmp
TCD1353.tmp
TCD1354.tmp
TCD1355.tmp
TCD1356.tmp
TCD137.tmp
TCD138.tmp
TCD139.tmp
TCD13A.tmp
TCD14B.tmp
TCD14C.tmp
TCD14D.tmp
TCD14E.tmp
TCD15D1.tmp
TCD15D2.tmp
TCD15D3.tmp
TCD15D4.tmp
TCD15D5.tmp
TCD15D6.tmp
TCD15D7.tmp
TCD15D8.tmp
TCD15D9.tmp
TCD15DA.tmp
TCD15DB.tmp
TCD15DC.tmp
TCD15DD.tmp
TCD15DE.tmp
TCD15E0.tmp
TCD15E1.tmp
TCD15ED.tmp
TCD15F1.tmp
TCD161.tmp
TCD1618.tmp
TCD1619.tmp
TCD161A.tmp
TCD161B.tmp
TCD162.tmp
TCD162B.tmp
TCD162C.tmp
TCD164E.tmp
TCD1708.tmp
TCD1709.tmp
TCD170A.tmp
TCD170B.tmp
TCD170C.tmp
TCD170D.tmp
TCD170E.tmp
TCD170F.tmp
TCD1710.tmp
TCD171C.tmp
TCD171D.tmp
TCD171E.tmp
TCD171F.tmp
TCD1720.tmp
TCD1721.tmp
TCD1722.tmp
TCD1723.tmp
TCD1724.tmp
TCD1725.tmp
TCD1726.tmp
TCD1727.tmp
TCD1728.tmp
TCD1729.tmp
TCD1734.tmp
TCD174.tmp
TCD175.tmp
TCD1757.tmp
TCD1767.tmp
TCD187.tmp
TCD1902.tmp
TCD1903.tmp
TCD1924.tmp
TCD1A20.tmp
TCD1A41.tmp
TCD1A73.tmp
TCD1A93.tmp
TCD1B41.tmp
TCD1BA2.tmp
TCD1BD2.tmp
TCD1F96.tmp
TCD1F97.tmp
TCD1F98.tmp
TCD1F99.tmp
TCD1F9A.tmp
TCD1F9B.tmp
TCD1F9C.tmp
TCD1F9D.tmp
TCD1F9E.tmp
TCD1F9F.tmp
TCD1FA0.tmp
TCD1FA1.tmp
TCD1FA2.tmp
TCD2068.tmp
TCD20B4.tmp
TCD20B5.tmp
TCD20B6.tmp
TCD20B7.tmp
TCD20B8.tmp
TCD20B9.tmp
TCD20BA.tmp
TCD20BB.tmp
TCD20BC.tmp
TCD20BD.tmp
TCD20BE.tmp
TCD20BF.tmp
TCD20D0.tmp
TCD2119.tmp
TCD2129.tmp
TCD212A.tmp
TCD212B.tmp
TCD212C.tmp
TCD212D.tmp
TCD212E.tmp
TCD212F.tmp
TCD2130.tmp
TCD2131.tmp
TCD2161.tmp
TCD2182.tmp
TCD2352.tmp
TCD2353.tmp
TCD2386.tmp
TCD23C4.tmp
TCD23D5.tmp
TCD23F6.tmp
TCD2407.tmp
TCD2408.tmp
TCD2409.tmp
TCD240A.tmp
TCD240B.tmp
TCD240C.tmp
TCD240D.tmp
TCD240E.tmp
TCD240F.tmp
TCD2410.tmp
TCD2411.tmp
TCD2412.tmp
TCD2413.tmp
TCD259D.tmp
TCD260D.tmp
TCD266D.tmp
TCD2670.tmp
TCD2682.tmp
TCD2683.tmp
TCD2685.tmp
TCD2686.tmp
TCD268C.tmp
TCD26A6.tmp
TCD26C9.tmp
TCD26CA.tmp
TCD26DB.tmp
TCD26EE.tmp
TCD26EF.tmp
TCD26FC.tmp
TCD2700.tmp
TCD272C.tmp
TCD28E4.tmp
TCD2C2E.tmp
TCD2C2F.tmp
TCD2C30.tmp
TCD2C31.tmp
TCD2C32.tmp
TCD2C33.tmp
TCD2C34.tmp
TCD2C35.tmp
TCD2C36.tmp
TCD2C37.tmp
TCD2C38.tmp
TCD2C39.tmp
TCD2C3A.tmp
TCD2CD8.tmp
TCD2CD9.tmp
TCD2CDA.tmp
TCD2CDB.tmp
TCD2CDC.tmp
TCD2CDD.tmp
TCD2CDE.tmp
TCD2CEF.tmp
TCD2CF0.tmp
TCD2CF1.tmp
TCD2CF2.tmp
TCD2CF3.tmp
TCD2CF4.tmp
TCD2FE7.tmp
TCD2FE8.tmp
TCD2FE9.tmp
TCD2FEA.tmp
TCD2FEB.tmp
TCD2FEC.tmp
TCD2FED.tmp
TCD2FEE.tmp
TCD2FEF.tmp
TCD2FF0.tmp
TCD2FF1.tmp
TCD2FF2.tmp
TCD2FF3.tmp
TCD31BD.tmp
TCD31BE.tmp
TCD31BF.tmp
TCD31C0.tmp
TCD31C1.tmp
TCD31C2.tmp
TCD31C3.tmp
TCD31C4.tmp
TCD31C5.tmp
TCD31C6.tmp
TCD31C7.tmp
TCD31C8.tmp
TCD31C9.tmp
TCD3472.tmp
TCD3483.tmp
TCD3484.tmp
TCD3485.tmp
TCD3486.tmp
TCD3487.tmp
TCD3488.tmp
TCD3489.tmp
TCD348A.tmp
TCD348B.tmp
TCD348C.tmp
TCD348D.tmp
TCD348E.tmp
TCD3492.tmp
TCD3493.tmp
TCD3494.tmp
TCD3495.tmp
TCD3496.tmp
TCD3497.tmp
TCD3498.tmp
TCD3499.tmp
TCD349A.tmp
TCD349B.tmp
TCD349C.tmp
TCD349D.tmp
TCD349E.tmp
TCD34B2.tmp
TCD34B3.tmp
TCD34B4.tmp
TCD34B5.tmp
TCD34B6.tmp
TCD34B7.tmp
TCD34B8.tmp
TCD34B9.tmp
TCD34BA.tmp
TCD34BB.tmp
TCD34BC.tmp
TCD34BD.tmp
TCD34BE.tmp
TCD3BBE.tmp
TCD3BBF.tmp
TCD3BC0.tmp
TCD3BC1.tmp
TCD3BC2.tmp
TCD3BC3.tmp
TCD3BC4.tmp
TCD3BC5.tmp
TCD3BC6.tmp
TCD3BC7.tmp
TCD3BC8.tmp
TCD3BC9.tmp
TCD3BCA.tmp
TCD3CE7.tmp
TCD3CE8.tmp
TCD3CE9.tmp
TCD3CEA.tmp
TCD3CEB.tmp
TCD3CFB.tmp
TCD3CFC.tmp
TCD3CFD.tmp
TCD3CFE.tmp
TCD3CFF.tmp
TCD3D00.tmp
TCD3D01.tmp
TCD3D02.tmp
TCD3F4F.tmp
TCD3F50.tmp
TCD3F69.tmp
TCD3F6A.tmp
TCD3F6B.tmp
TCD3F6C.tmp
TCD3F6D.tmp
TCD3F6E.tmp
TCD3F7E.tmp
TCD3F82.tmp
TCD3F83.tmp
TCD3F8F.tmp
TCD3F90.tmp
TCD3F91.tmp
TCD3F95.tmp
TCD3FA7.tmp
TCD3FB9.tmp
TCD3FBA.tmp
TCD3FCD.tmp
TCD3FEE.tmp
TCD3FEF.tmp
TCD4021.tmp
TCD4022.tmp
TCD40EB.tmp
TCD40EC.tmp
TCD4163.tmp
TCD4164.tmp
TCD4165.tmp
TCD4244.tmp
TCD4255.tmp
TCD4256.tmp
TCD4296.tmp
TCD43C2.tmp
TCD43D4.tmp
TCD4404.tmp
TCD4517.tmp
TCD4518.tmp
TCD4519.tmp
TCD451A.tmp
TCD451B.tmp
TCD451C.tmp
TCD451D.tmp
TCD451E.tmp
TCD451F.tmp
TCD4520.tmp
TCD4521.tmp
TCD4522.tmp
TCD4523.tmp
TCD46B9.tmp
TCD47CA.tmp
TCD47CB.tmp
TCD47CC.tmp
TCD47CD.tmp
TCD47CE.tmp
TCD47CF.tmp
TCD47D0.tmp
TCD47D1.tmp
TCD47D2.tmp
TCD47D3.tmp
TCD47D4.tmp
TCD47D5.tmp
TCD47D6.tmp
TCD484B.tmp
TCD4E3C.tmp
TCD4E3D.tmp
TCD4E3E.tmp
TCD4E3F.tmp
TCD4E40.tmp
TCD4E51.tmp
TCD4E52.tmp
TCD4E53.tmp
TCD4E54.tmp
TCD4E55.tmp
TCD4E56.tmp
TCD4E57.tmp
TCD4E58.tmp
TCD52BD.tmp
TCD52BE.tmp
TCD52BF.tmp
TCD52C0.tmp
TCD52C1.tmp
TCD52C2.tmp
TCD52C3.tmp
TCD52C4.tmp
TCD52C5.tmp
TCD52C6.tmp
TCD52C7.tmp
TCD52C8.tmp
TCD52C9.tmp
TCD5591.tmp
TCD5592.tmp
TCD5593.tmp
TCD5594.tmp
TCD5595.tmp
TCD5596.tmp
TCD5597.tmp
TCD5598.tmp
TCD5599.tmp
TCD559A.tmp
TCD559B.tmp
TCD559C.tmp
TCD559D.tmp
TCD5685.tmp
TCD5686.tmp
TCD5687.tmp
TCD5688.tmp
TCD5689.tmp
TCD568A.tmp
TCD568B.tmp
TCD568C.tmp
TCD569D.tmp
TCD575A.tmp
TCD577A.tmp
TCD577B.tmp
TCD57AB.tmp
TCD596D.tmp
TCD598F.tmp
TCD5990.tmp
TCD5A4E.tmp
TCD5B88.tmp
TCD5BB0.tmp
TCD5BB1.tmp
TCD5BB2.tmp
TCD5BB3.tmp
TCD5BB4.tmp
TCD5BC4.tmp
TCD5BD5.tmp
TCD5BD6.tmp
TCD5BD7.tmp
TCD5BD8.tmp
TCD5BF8.tmp
TCD5C27.tmp
TCD5C28.tmp
TCD5C29.tmp
TCD5C2A.tmp
TCD5C2B.tmp
TCD5C2C.tmp
TCD5C2D.tmp
TCD5C2E.tmp
TCD5C2F.tmp
TCD5C30.tmp
TCD5C31.tmp
TCD5C32.tmp
TCD5C33.tmp
TCD5C37.tmp
TCD5C5D.tmp
TCD5C5E.tmp
TCD5C5F.tmp
TCD5C60.tmp
TCD5C91.tmp
TCD5C97.tmp
TCD5CC4.tmp
TCD5CC5.tmp
TCD5CD7.tmp
TCD5CDB.tmp
TCD5CDC.tmp
TCD5CE6.tmp
TCD5CED.tmp
TCD5CEE.tmp
TCD5CFE.tmp
TCD5D32.tmp
TCD5D73.tmp
TCD5E30.tmp
TCD5E80.tmp
TCD5FD4.tmp
TCD5FD5.tmp
TCD5FD6.tmp
TCD5FD7.tmp
TCD5FD8.tmp
TCD601F.tmp
TCD6020.tmp
TCD6021.tmp
TCD6032.tmp
TCD6033.tmp
TCD6034.tmp
TCD6035.tmp
TCD6036.tmp
TCD604C.tmp
TCD604D.tmp
TCD604E.tmp
TCD604F.tmp
TCD6050.tmp
TCD6051.tmp
TCD6052.tmp
TCD6053.tmp
TCD6054.tmp
TCD6055.tmp
TCD6057.tmp
TCD6058.tmp
TCD6067.tmp
TCD6088.tmp
TCD6150.tmp
TCD6151.tmp
TCD6152.tmp
TCD6153.tmp
TCD6154.tmp
TCD6155.tmp
TCD6156.tmp
TCD6157.tmp
TCD6158.tmp
TCD6159.tmp
TCD615A.tmp
TCD615B.tmp
TCD615C.tmp
TCD631B.tmp
TCD633C.tmp
TCD637D.tmp
TCD6534.tmp
TCD6721.tmp
TCD6722.tmp
TCD6723.tmp
TCD6725.tmp
TCD6738.tmp
TCD6749.tmp
TCD6759.tmp
TCD676C.tmp
TCD676D.tmp
TCD677F.tmp
TCD67A2.tmp
TCD67A3.tmp
TCD67B3.tmp
TCD68C9.tmp
TCD68CA.tmp
TCD68CB.tmp
TCD68CC.tmp
TCD68CD.tmp
TCD68CE.tmp
TCD68CF.tmp
TCD68D0.tmp
TCD68D1.tmp
TCD68D2.tmp
TCD68D3.tmp
TCD68D4.tmp
TCD68D5.tmp
TCD698C.tmp
TCD699D.tmp
TCD699E.tmp
TCD699F.tmp
TCD69A0.tmp
TCD69A1.tmp
TCD69A2.tmp
TCD69A3.tmp
TCD69A4.tmp
TCD69A5.tmp
TCD6ADE.tmp
TCD6AFE.tmp
TCD6BBB.tmp
TCD6BEB.tmp
TCD6BFA.tmp
TCD6BFB.tmp
TCD6BFC.tmp
TCD6BFD.tmp
TCD6BFE.tmp
TCD6BFF.tmp
TCD6C00.tmp
TCD6C01.tmp
TCD6C02.tmp
TCD6C03.tmp
TCD6C04.tmp
TCD6C05.tmp
TCD6C15.tmp
TCD6D85.tmp
TCD6DE5.tmp
TCD6EF1.tmp
TCD7097.tmp
TCD7098.tmp
TCD7099.tmp
TCD709A.tmp
TCD709B.tmp
TCD709C.tmp
TCD709D.tmp
TCD709E.tmp
TCD709F.tmp
TCD70A0.tmp
TCD70A1.tmp
TCD70A2.tmp
TCD70A3.tmp
TCD70C7.tmp
TCD70C8.tmp
TCD70C9.tmp
TCD70CA.tmp
TCD70CB.tmp
TCD7192.tmp
TCD7405.tmp
TCD7438.tmp
TCD748A.tmp
TCD748B.tmp
TCD748C.tmp
TCD768.tmp
TCD769.tmp
TCD76A.tmp
TCD76B.tmp
TCD76C.tmp
TCD76D.tmp
TCD76E.tmp
TCD76F.tmp
TCD770.tmp
TCD771.tmp
TCD772.tmp
TCD773.tmp
TCD774.tmp
TCD7BC0.tmp
TCD7BC1.tmp
TCD7BC2.tmp
TCD7BC5.tmp
TCD7BC6.tmp
TCD7BC7.tmp
TCD7BCB.tmp
TCD7BCC.tmp
TCD7BDC.tmp
TCD7BDD.tmp
TCD7BDE.tmp
TCD7BDF.tmp
TCD7BF0.tmp
TCD7F71.tmp
TCD7FB9.tmp
TCD7FCA.tmp
TCD7FCB.tmp
TCD807A.tmp
TCD807B.tmp
TCD80BB.tmp
TCD820F.tmp
TCD82DC.tmp
TCD837B.tmp
TCD83E0.tmp
TCD8430.tmp
TCD8451.tmp
TCD85EC.tmp
TCD86F7.tmp
TCD87AE.tmp
TCD87AF.tmp
TCD87B0.tmp
TCD87B1.tmp
TCD87B2.tmp
TCD87C3.tmp
TCD87C4.tmp
TCD87C5.tmp
TCD87C6.tmp
TCD87C7.tmp
TCD87C8.tmp
TCD87C9.tmp
TCD87CA.tmp
TCD8807.tmp
TCD8808.tmp
TCD881A.tmp
TCD883D.tmp
TCD884E.tmp
TCD885F.tmp
TCD8870.tmp
TCD8871.tmp
TCD8884.tmp
TCD8885.tmp
TCD88B6.tmp
TCD88B7.tmp
TCD88BC.tmp
TCD88ED.tmp
TCD88F7.tmp
TCD891C.tmp
TCD891E.tmp
TCD894F.tmp
TCD8959.tmp
TCD898A.tmp
TCD89D2.tmp
TCD89D3.tmp
TCD89D4.tmp
TCD89D5.tmp
TCD89D6.tmp
TCD89D7.tmp
TCD89D8.tmp
TCD89E9.tmp
TCD8A1D.tmp
TCD8A1E.tmp
TCD8A1F.tmp
TCD8A20.tmp
TCD8A21.tmp
TCD8A85.tmp
TCD8B9A.tmp
TCD8B9B.tmp
TCD8B9C.tmp
TCD8B9D.tmp
TCD8B9E.tmp
TCD8B9F.tmp
TCD8BA0.tmp
TCD8BA1.tmp
TCD8BB2.tmp
TCD8BB3.tmp
TCD8BC2.tmp
TCD8BC4.tmp
TCD8BC5.tmp
TCD8BE5.tmp
TCD8CBA.tmp
TCD8CFC.tmp
TCD9024.tmp
TCD93D0.tmp
TCD93F1.tmp
TCD94BE.tmp
TCD951D.tmp
TCD9771.tmp
TCD98BA.tmp
TCD98CA.tmp
TCD98CB.tmp
TCD98CC.tmp
TCD98CD.tmp
TCD98CE.tmp
TCD98CF.tmp
TCD98D0.tmp
TCD98E1.tmp
TCD98E2.tmp
TCD98E3.tmp
TCD98E4.tmp
TCD98F5.tmp
TCD9A2D.tmp
TCD9A77.tmp
TCD9A78.tmp
TCD9A79.tmp
TCD9A7A.tmp
TCD9A7B.tmp
TCD9A7C.tmp
TCD9A7D.tmp
TCD9A7E.tmp
TCD9A7F.tmp
TCD9A80.tmp
TCD9A81.tmp
TCD9A82.tmp
TCD9A83.tmp
TCD9C9A.tmp
TCD9EB.tmp
TCD9EB4.tmp
TCD9EC.tmp
TCD9ED.tmp
TCD9EE.tmp
TCD9EF.tmp
TCD9F0.tmp
TCD9F1.tmp
TCD9F2.tmp
TCD9F3.tmp
TCD9F4.tmp
TCD9F43.tmp
TCD9F5.tmp
TCD9F6.tmp
TCD9F7.tmp
TCD9FC2.tmp
TCDA213.tmp
TCDA214.tmp
TCDA245.tmp
TCDA3A0.tmp
TCDA42F.tmp
TCDA460.tmp
TCDA500.tmp
TCDA511.tmp
TCDA532.tmp
TCDA533.tmp
TCDA6BB.tmp
TCDA78F.tmp
TCDA790.tmp
TCDA791.tmp
TCDA792.tmp
TCDA793.tmp
TCDA794.tmp
TCDA795.tmp
TCDA796.tmp
TCDA797.tmp
TCDA798.tmp
TCDA799.tmp
TCDA79A.tmp
TCDA7AA.tmp
TCDA859.tmp
TCDA85A.tmp
TCDA85B.tmp
TCDA86C.tmp
TCDA86D.tmp
TCDA86E.tmp
TCDA86F.tmp
TCDA870.tmp
TCDA871.tmp
TCDA872.tmp
TCDA873.tmp
TCDA874.tmp
TCDA875.tmp
TCDA8FC.tmp
TCDA8FD.tmp
TCDA8FE.tmp
TCDA8FF.tmp
TCDA900.tmp
TCDA901.tmp
TCDA902.tmp
TCDA903.tmp
TCDA925.tmp
TCDA937.tmp
TCDA949.tmp
TCDA95A.tmp
TCDA96B.tmp
TCDACB2.tmp
TCDACB3.tmp
TCDACB4.tmp
TCDACB5.tmp
TCDACB6.tmp
TCDACB7.tmp
TCDACB8.tmp
TCDACB9.tmp
TCDACC9.tmp
TCDACCA.tmp
TCDACCB.tmp
TCDACCC.tmp
TCDACCD.tmp
TCDB15F.tmp
TCDB160.tmp
TCDB170.tmp
TCDB171.tmp
TCDB172.tmp
TCDB173.tmp
TCDB174.tmp
TCDB175.tmp
TCDB176.tmp
TCDB177.tmp
TCDB178.tmp
TCDB179.tmp
TCDB17A.tmp
TCDB241.tmp
TCDB242.tmp
TCDB243.tmp
TCDB244.tmp
TCDB245.tmp
TCDB246.tmp
TCDB247.tmp
TCDB248.tmp
TCDB249.tmp
TCDB24A.tmp
TCDB24B.tmp
TCDB318.tmp
TCDB382.tmp
TCDB388.tmp
TCDB70B.tmp
TCDB70C.tmp
TCDB71D.tmp
TCDB783.tmp
TCDB784.tmp
TCDB795.tmp
TCDB796.tmp
TCDB797.tmp
TCDB798.tmp
TCDB799.tmp
TCDB79A.tmp
TCDB79B.tmp
TCDB79C.tmp
TCDB79D.tmp
TCDB79E.tmp
TCDB79F.tmp
TCDB7A0.tmp
TCDB7A1.tmp
TCDB7A2.tmp
TCDB7A3.tmp
TCDB7C7.tmp
TCDB7C8.tmp
TCDB7C9.tmp
TCDB7CA.tmp
TCDB7DB.tmp
TCDB7DC.tmp
TCDBA7A.tmp
TCDBA7B.tmp
TCDBA7C.tmp
TCDBA7D.tmp
TCDBA7E.tmp
TCDBA7F.tmp
TCDBA80.tmp
TCDBA81.tmp
TCDBA82.tmp
TCDBA83.tmp
TCDBA84.tmp
TCDBA85.tmp
TCDBB49.tmp
TCDBB4A.tmp
TCDBB4B.tmp
TCDBB4C.tmp
TCDBB4D.tmp
TCDBB4E.tmp
TCDBB4F.tmp
TCDBB7F.tmp
TCDBBAF.tmp
TCDBBB0.tmp
TCDBBC0.tmp
TCDBC4D.tmp
TCDBC4E.tmp
TCDBC90.tmp
TCDBCA1.tmp
TCDBCA2.tmp
TCDBCC8.tmp
TCDBCC9.tmp
TCDBCCA.tmp
TCDBCCB.tmp
TCDBCCC.tmp
TCDBCCD.tmp
TCDBCFE.tmp
TCDBD10.tmp
TCDBDC3.tmp
TCDBDC4.tmp
TCDBDC5.tmp
TCDBE84.tmp
TCDBE85.tmp
TCDBF93.tmp
TCDBF94.tmp
TCDBFA5.tmp
TCDBFA6.tmp
TCDBFF6.tmp
TCDC2DF.tmp
TCDC2E0.tmp
TCDC2E1.tmp
TCDC2E2.tmp
TCDC2E3.tmp
TCDC2E4.tmp
TCDC2F6.tmp
TCDC2F7.tmp
TCDC2F9.tmp
TCDC2FA.tmp
TCDC30A.tmp
TCDC31C.tmp
TCDC31D.tmp
TCDC3F4.tmp
TCDC3F5.tmp
TCDC3F6.tmp
TCDC3F7.tmp
TCDC3F8.tmp
TCDC3F9.tmp
TCDC3FA.tmp
TCDC3FB.tmp
TCDC3FC.tmp
TCDC3FD.tmp
TCDC3FE.tmp
TCDC400.tmp
TCDC440.tmp
TCDC44B.tmp
TCDC44C.tmp
TCDC48C.tmp
TCDC52B.tmp
TCDC52C.tmp
TCDC52D.tmp
TCDC52E.tmp
TCDC52F.tmp
TCDC530.tmp
TCDC531.tmp
TCDC541.tmp
TCDC54A.tmp
TCDC570.tmp
TCDC5C3.tmp
TCDC5C4.tmp
TCDC5C5.tmp
TCDC5C6.tmp
TCDC5C7.tmp
TCDC5C8.tmp
TCDC5C9.tmp
TCDC5CA.tmp
TCDC5CB.tmp
TCDC5EE.tmp
TCDC60E.tmp
TCDC630.tmp
TCDC63F.tmp
TCDC641.tmp
TCDC646.tmp
TCDC6B5.tmp
TCDC6D6.tmp
TCDC6ED.tmp
TCDC766.tmp
TCDC786.tmp
TCDC7A8.tmp
TCDC865.tmp
TCDC876.tmp
TCDC8C2.tmp
TCDC8F5.tmp
TCDC8F6.tmp
TCDC8F7.tmp
TCDC901.tmp
TCDC908.tmp
TCDC909.tmp
TCDC90A.tmp
TCDC90B.tmp
TCDC92C.tmp
TCDC9DB.tmp
TCDC9DC.tmp
TCDC9FD.tmp
TCDCADA.tmp
TCDCC82.tmp
TCDCCBA.tmp
TCDCCBB.tmp
TCDCCBC.tmp
TCDCCBD.tmp
TCDCCED.tmp
TCDCCFE.tmp
TCDCD0E.tmp
TCDCDF3.tmp
TCDCDF4.tmp
TCDCDF5.tmp
TCDCDF6.tmp
TCDCDF7.tmp
TCDCE07.tmp
TCDCE08.tmp
TCDCE09.tmp
TCDCE0A.tmp
TCDCE1B.tmp
TCDCE29.tmp
TCDCE49.tmp
TCDCEE6.tmp
TCDCF26.tmp
TCDCF27.tmp
TCDCF35.tmp
TCDD187.tmp
TCDD1C8.tmp
TCDD1C9.tmp
TCDD2B2.tmp
TCDD2B4.tmp
TCDD2B5.tmp
TCDD324.tmp
TCDD325.tmp
TCDD326.tmp
TCDD327.tmp
TCDD328.tmp
TCDD329.tmp
TCDD32A.tmp
TCDD32B.tmp
TCDD32C.tmp
TCDD32D.tmp
TCDD32E.tmp
TCDD32F.tmp
TCDD330.tmp
TCDD371.tmp
TCDD433.tmp
TCDD434.tmp
TCDD463.tmp
TCDD464.tmp
TCDD465.tmp
TCDD4B6.tmp
TCDD69C.tmp
TCDD9E3.tmp
TCDD9E4.tmp
TCDD9E5.tmp
TCDD9E6.tmp
TCDD9E7.tmp
TCDD9E8.tmp
TCDD9E9.tmp
TCDD9EA.tmp
TCDD9EB.tmp
TCDD9EC.tmp
TCDD9FC.tmp
TCDD9FD.tmp
TCDD9FE.tmp
TCDDAD4.tmp
TCDDDFC.tmp
TCDDFA2.tmp
TCDE178.tmp
TCDE179.tmp
TCDE17A.tmp
TCDE17B.tmp
TCDE17C.tmp
TCDE17D.tmp
TCDE17E.tmp
TCDE17F.tmp
TCDE180.tmp
TCDE181.tmp
TCDE182.tmp
TCDE183.tmp
TCDE194.tmp
TCDE2C1.tmp
TCDE2C2.tmp
TCDE2C3.tmp
TCDE2C4.tmp
TCDE2C5.tmp
TCDE2C6.tmp
TCDE2C7.tmp
TCDE2C8.tmp
TCDE2C9.tmp
TCDE2CA.tmp
TCDE2CB.tmp
TCDE2CC.tmp
TCDE2CD.tmp
TCDE372.tmp
TCDE373.tmp
TCDE374.tmp
TCDE375.tmp
TCDE376.tmp
TCDE377.tmp
TCDE378.tmp
TCDE379.tmp
TCDE37A.tmp
TCDE37B.tmp
TCDE37C.tmp
TCDE37D.tmp
TCDE37E.tmp
TCDE7C3.tmp
TCDE7C4.tmp
TCDE96F.tmp
TCDE980.tmp
TCDE9A2.tmp
TCDE9A3.tmp
TCDE9C3.tmp
TCDE9C4.tmp
TCDEA63.tmp
TCDEA95.tmp
TCDEAA5.tmp
TCDEE32.tmp
TCDEE33.tmp
TCDEE6B.tmp
TCDEE6C.tmp
TCDEE6D.tmp
TCDEE6E.tmp
TCDEE6F.tmp
TCDEE70.tmp
TCDEE81.tmp
TCDEE82.tmp
TCDEE83.tmp
TCDEE84.tmp
TCDEE85.tmp
TCDEE86.tmp
TCDEE87.tmp
TCDEF57.tmp
TCDEF67.tmp
TCDEF68.tmp
TCDEFAA.tmp
TCDEFBB.tmp
TCDEFCC.tmp
TCDEFFE.tmp
TCDF00E.tmp
TCDF03F.tmp
TCDF0A0.tmp
TCDF0B1.tmp
TCDF4C9.tmp
TCDF4CA.tmp
TCDF4CB.tmp
TCDF4CC.tmp
TCDF4CD.tmp
TCDF4CE.tmp
TCDF4F1.tmp
TCDF503.tmp
TCDF504.tmp
TCDF505.tmp
TCDF528.tmp
TCDF529.tmp
TCDF52A.tmp
TCDF981.tmp
TCDF982.tmp
TCDF983.tmp
TCDF984.tmp
TCDF985.tmp
TCDF986.tmp
TCDF987.tmp
TCDF998.tmp
TCDF999.tmp
TCDF99A.tmp
TCDF99B.tmp
TCDF99C.tmp
TCDF99D.tmp
TCDF9C1.tmp
TCDF9C2.tmp
TCDF9C3.tmp
TCDF9E7.tmp
TCDF9E8.tmp
TCDF9E9.tmp
TCDFA18.tmp
TCDFA3C.tmp
TCDFA3D.tmp
TCDFA4D.tmp
TCDFA71.tmp
TCDFA72.tmp
TCDFA82.tmp
TCDFCF9.tmp
TCDFD0A.tmp
TCDFD0B.tmp
TCDFD0C.tmp
TCDFD0D.tmp
TCDFD2D.tmp
TCDFD3D.tmp
TCDFD3E.tmp
TCDFD3F.tmp
TCDFD93.tmp
TCDFD94.tmp
TCDFD95.tmp
TCDFF0D.tmp
Temp1_othActual Investment Guidelines F.Y 2022-23_Actual Investment Guidelines F.Y 2022-23.zip
VBE
VSRemoteSettings
VWDWebCache
VsHub
WPF
WinGet
_TS1278.tmp
_TS1C9E.tmp
_TS211D.tmp
_TS2936.tmp
_TS2BFD.tmp
_TS2FC0.tmp
_TS2FFA.tmp
_TS305B.tmp
_TS3844.tmp
_TS3AFE.tmp
_TS3FC5.tmp
_TS3FF8.tmp
_TS47DE.tmp
_TS4C12.tmp
_TS4E57.tmp
_TS51A9.tmp
_TS5774.tmp
_TS5A8B.tmp
_TS630.tmp
_TS678E.tmp
_TS6D3A.tmp
_TS79FB.tmp
_TS812D.tmp
_TS81B2.tmp
_TS83F7.tmp
_TS84D8.tmp
_TS85A.tmp
_TS8DB6.tmp
_TS9390.tmp
_TS9675.tmp
_TS97E5.tmp
_TS9D93.tmp
_TSA580.tmp
_TSAA89.tmp
_TSAC5B.tmp
_TSB01B.tmp
_TSB157.tmp
_TSB826.tmp
_TSBDB.tmp
_TSBE1E.tmp
_TSC57C.tmp
_TSCC5.tmp
_TSD4E8.tmp
_TSD940.tmp
_TSDEBF.tmp
_TSF0DA.tmp
_TSF192.tmp
_TSF1F7.tmp
_TSF4E1.tmp
_TSF865.tmp
_TSF8C8.tmp
_TSFABB.tmp
_TSFDE6.tmp
a32e3415-4984-47e1-b5f3-731080dd5a34_Setup_Kongsberg_Maritime_1.3.2.1 master_PageConfig.zip.a34
acrocef_low
acrord32_sbx
acrord32_super_sbx
avatar
chrome_BITS_27608_1075113079
chrome_BITS_27608_1273950555
chrome_BITS_27608_1488330979
chrome_BITS_27608_268429500
chrome_BITS_27608_372868117
chrome_BITS_28128_2043559979
chrome_BITS_32104_1200536540
chrome_drag25964_1411248370
chrome_url_fetcher_18764_919180428
chrome_url_fetcher_19828_903595702
chrome_url_fetcher_25964_1418452631
chrome_url_fetcher_2708_325486796
collab_low
edge_BITS_2012_1633372233
edge_BITS_21748_993620300
edge_BITS_34404_1617246281
msdt
msedge_url_fetcher_17628_185871563
msohtmlclip
msohtmlclip1
pyright-10772-yGXRZfArSEyU
pyright-15540-CxAHuA3c7S52
pyright-17376-hw6BXK6e7N3n
pyright-27656-LsB6NGHuUFYA
pyright-3176-HGwF1QWMYzO8
pyright-36776-in2x6I4HJ7rc
pyright-37548-QF14ME58Y6gs
pyright-37548-oqO6l3VmlOEh
pyright-8288-8z2L78Plm77u
pyright-8288-PgWUevjB6pr4
python-languageserver-cancellation
rf-ls-run
scoped_dir10512_1386026876
scoped_dir10512_1786049888
scoped_dir22748_1425004183
scoped_dir27324_972349472
scoped_dir31556_1072287356
scoped_dir31556_17205503
scoped_dir35008_59161000
selenium-managerOUiJql
system-commandline-sentinel-files
tmpleqvd5q6
v8-compile-cache
vs.mcj-113109805
vscode-typescript
wfica32
{001C90EE-1A21-4DB6-A3C0-E2E5BEBD7035}
{00576B4B-A77A-483F-8E34-E65B73C18831}
{02345749-735F-46DF-A2D2-62D8971C93F9}
{028D20C7-0E11-48D4-A8F8-FAB199A241E0}
{02AF2E7D-0A79-4632-9072-F3E82C8E786C}
{0336419A-F61E-4E8B-BD4D-73EEB1BD7F36}
{04CFDD12-53B0-43A3-876F-EF68FC69F0F0}
{05160A2E-7823-41E9-8824-A4064EA6E7DA}
{05DF7C59-6EAA-433A-8444-CD45E266FACB}
{06B76902-FDBE-4973-BE68-2C865F76E16E}
{06F2C1A3-29D0-4A63-A0DF-8311012DAF5D}
{077DDEAA-B015-4FE1-8E25-9E4AB81395F5}
{09774099-74CD-4E76-9897-E093FB07A364}
{09BB2DD7-9DAF-4579-8BEF-977F6300E2A8}
{09E9BF45-62AC-496C-BCA4-F2583D01A022}
{0A009201-D49F-45ED-AA2E-BFEB56CD28B7}
{0A1DC06C-5BEB-49A5-AA15-BABED650E229}
{0A7823BC-37AC-4E3A-9697-5F0C051BFC53}
{0ACD02D5-BF01-4EDE-8003-A07C96D3B44B}
{0B48796F-7D6D-4027-80FC-BF628B7962E8}
{0B65C816-9191-4EA2-B93E-B47ECA5F8A65}
{0C58838C-CCF7-4EFA-A2B1-B016EDA693E5}
{0DDEECB1-DFD0-4020-921F-A4E7CED6A7D7}
{0E4029FC-9D16-4B7D-816B-00A241AE5600}
{0EA29D96-388F-4D25-B768-42E88D763755}
{0F7F1B73-C084-4B81-B51C-C562BDFA88A6}
{0F9A3390-3A5A-4AC3-91E6-26F29D054EB7}
{0FEA7FBA-10ED-49CF-84C8-CDF34177252D}
{102165F6-97A1-4B24-B86A-45074BCF414B}
{10FF2631-97DF-41B5-92DC-9149024DBD6D}
{1163B35B-E628-4AAF-8AEF-D723E210AFB2}
{1166E5E2-5D06-4A5F-92D2-FF2C9AC04667}
{11CF7001-73BB-4111-B79E-827943F3D4EB}
{11EAF477-EEC5-4DAE-96DB-EE30548AD5E4}
{1204DA8F-0F14-4F0A-9ACB-F20AE344A19D}
{13005022-091D-44F9-B1AF-646C6E5A4B55}
{13006BB7-7AF9-4FEE-A95A-4CF8C119CF88}
{14896471-FF29-471E-94DE-BCA23CE9A1D2}
{151CBBF5-2049-42C6-8D3D-30E475728271}
{1597C098-A6F9-479E-9AB4-1FC84D270379}
{161AD4A2-25C3-4BEF-B966-287E0BBA57B8}
{16E58B67-7271-421D-B6D6-686DF874F875}
{1703EB7E-1C80-4C92-BDFF-17888906E6D5}
{183DD958-517F-4BCF-94E0-0F9888B12AA1}
{19E77E94-8579-4749-A33B-587578835D28}
{19EA7329-9462-4C25-B3C8-499E45D43C77}
{19F63302-EE8B-48E2-AEB3-1692E7002023}
{1A1E483D-1F47-4F62-AA8C-EBAAFAA70B60}
{1A9E67C2-3999-4680-BD86-A3ED608E26D4}
{1BB0D81B-0D2E-4519-B15C-391A303E803B}
{1C48801A-5A20-41C7-A98E-E99A87CB4AB5}
{1C994FB2-75CE-4C39-BD93-E82D8BD2AFD5}
{1CD7602A-901D-49BF-BAAA-3EDA21BEA0E6}
{1E228D97-F7E5-4AF5-A886-3D074C530DA1}
{1E456D2F-982E-45BF-B52E-CD4CEFB4B5B7}
{1E8A9A5D-CD87-4DD1-B6F4-FE2A4D4E617F}
{1F0D14AC-0EED-4198-A104-D2FC675B3C45}
{20B4C3C3-5687-4E89-AAAF-367AED135F6E}
{20B9121C-C8CC-4981-80E3-0E8D60156A19}
{212594D8-7CD2-43C6-A655-B148421E35AE}
{212D71DF-D157-4B74-9CD9-0B9059744EE3}
{23EF5044-858B-427E-883A-6D633C2BC5AB}
{24C2156F-5620-4DF3-B6E2-39CA4E276CCD}
{24EE79EC-2169-4A50-8B5E-7F74F2330E8F}
{2512496B-70E1-4398-9C4E-6446C1B48B37}
{257F718E-3810-4CE2-AF36-075B557BF71F}
{25C06D5B-20B6-4D7C-B894-FBD6B7BD54E6}
{2657975D-3865-4813-A7F3-2C42B1935DB2}
{26FF4A10-D120-4324-9990-106C2100923F}
{276CA674-C6E1-4FC6-90BC-504B6323BDE1}
{2842E127-CF3D-43AA-A4A1-AD606DA28442}
{2852D821-783A-4A29-BE72-B1AA859E4A6C}
{286CB0D4-1763-47EE-8225-CF067106264C}
{28B7C300-0A5C-4B79-9F78-88ADF1E62C08}
{29C75F05-268A-4CEA-92BA-06FE2AE10E35}
{29E7302B-077B-4C76-A703-8CBAEE751D2A}
{2A6F2439-64C7-4809-9FAD-0914004686F2}
{2B6A1372-2DDC-4FAD-809C-2CCACE26A3E1}
{2C7147EB-0C08-4AAA-931C-63EDAC660986}
{2CF883D4-1647-4868-867E-2EF4B173AE16}
{2CFC8037-7BF4-432C-A3DF-6E4AF506E223}
{2D22011C-841F-491B-9B34-6A2C389E383C}
{2D23A777-BAD1-4B19-90EF-28E507FC1F60}
{2D535915-4423-4630-9F8B-4BF9C117B866}
{2D9DC030-8BCF-46FC-B4E2-1405ACA00037}
{2DD6678A-6FEE-46F3-BB5D-6FB7A9E96FD3}
{2DE2C29A-2AEC-4C32-A875-2076BCAFEDED}
{2E119C64-55E9-4843-9F26-1657B9CB0F54}
{2E3DB17D-9289-4BA9-B141-B4CE95B0C7C1}
{2E8A31D9-70FF-4987-97C1-3BE2149FDC6B}
{2F0C576C-A935-4C4D-A858-4C9AA29AB895}
{2F7092A9-64B9-4F19-8EEC-6EAEF71CB00A}
{2FAB4B56-0958-4C95-AA85-104190D992CA}
{301809A9-3E31-4592-8126-350F2A33332D}
{307E20AA-8545-48CC-80A5-7CA35ED4998E}
{30A348A8-EC67-4ED9-B46B-734A8608C7C9}
{31181609-64B2-4812-AC3E-95752BC6048B}
{3173ED18-52EF-4F91-8FE0-018E151D5B89}
{31B73740-B7C7-4F5C-B5CE-7BB09A6B92FA}
{31EC2DAF-7BE2-4B0E-AC43-09A0DC87C224}
{321D4820-7D06-4562-BBB8-41DF427B16B5}
{3275FB9C-F8C3-4B37-91FE-E0221EC9A042}
{32877D4F-3C4E-4AAE-9BAA-96E00DE29049}
{33805528-D1ED-4FBC-990F-BE7CBADD6754}
{33A2C5A2-0D44-49FC-ADB5-FE13DE4F0125}
{33CEFE27-BC91-46F6-B0DA-DC18BFF19CF9}
{34D6E4B3-592A-4A82-A5A6-B101ED8902A4}
{351DE68E-9C59-4B7D-BFCA-39C3CF6D9555}
{35D106C6-D49F-41EB-8E48-AE95AC2AD4BC}
{35DD5F67-ED58-428D-B00B-31F4E2DAFFA1}
{36A43C7C-AB48-4986-8CAB-FFF12220387E}
{36DA1F1A-5334-4ECE-B8FD-947F2646492E}
{378E2000-1A31-43C3-8A10-0DFAD893886F}
{380D0F32-F36A-47B2-AA4C-5A29093B4707}
{38697933-56D9-42B6-A516-27F0FA56C090}
{393EB8DD-8B74-4B3F-ACBB-D05C9FB4F108}
{39674BC8-257D-4DCE-A081-85F072162F3C}
{3AEE119B-BA02-4BBA-9F57-309D2BF72842}
{3B17A670-85D0-443A-9856-7E542672B5CA}
{3B5E5AB7-ED40-4BB8-8273-959F2E14FF85}
{3B6DF484-A491-4E21-BC22-23015C009766}
{3BADC1AC-57EE-4972-8F1D-4FA1086DA98E}
{3CB061F2-B138-4425-AE27-DE2F2D6AD136}
{3CCD4A34-A523-4BA5-BC31-F86E438E26EB}
{3D57DF22-2EF3-4599-9573-71C33242B6B4}
{3EA4E4F9-B7F5-4B3D-8FDE-223A65E70311}
{3EA7C741-C040-4A5D-A2BE-F76B17BEFE69}
{3EB2D393-7A03-4634-96A8-1CF728A0390A}
{3EF2E120-1C03-46AC-BE75-3A0B0742BE31}
{3F13D789-C1BC-4BED-80FC-45DA5A2BC0B1}
{3F42F8EC-6FB5-4EC4-AA05-D011585A62A7}
{3FE65FE5-6AA3-4E4A-A232-92509D6AB43B}
{40255894-F087-4F77-9E0D-4E15034847BD}
{404C8791-96A9-41B2-B2A8-70DE3D841142}
{409498A5-3446-4E45-98A7-D94539467DAF}
{40E3E629-3D38-4575-8A88-D076D0418DFA}
{416DB5CA-2461-4E57-A6D7-D3BABFD85ECA}
{417374DB-AEDB-4C46-8076-002633D1445C}
{41A5BC3F-BB60-41E6-AE7C-FF940CFDC980}
{41DAED8C-95E5-4E84-95EA-FF3899786DEF}
{422FA36B-25E2-4593-B832-465B0EF3C5A0}
{42402A73-FC97-4F17-B2F3-3F0E8EEAEB95}
{429B6814-BD1F-4B6F-988B-FB6984D91039}
{4328558A-9693-4322-AE9F-F68169B2029B}
{43522273-0F28-4C04-988D-15F532D15954}
{443603B5-17F7-4809-8A54-B9A9BE0008EA}
{443CB610-DD29-462C-8D14-AA9E3CEACD37}
{44B92568-DFDB-44AB-8726-4B16BF6A8291}
{45A17FF3-46F8-4AE0-AA2C-00015CF1C001}
{45C02828-6EAB-4517-AD46-E196FF8B8471}
{464E4CD1-F4AB-4B4B-9E3F-B696FC649808}
{46933F2E-D3D1-45AA-9C5D-43BC65DDF132}
{46DEE119-843A-4137-BA0D-B02A2ABCC772}
{47A8C751-06B8-4F9E-AEE0-1E133EE6AA55}
{4825B406-DCBE-440C-8734-D4EE0973E00D}
{48848DD1-8DAF-4C40-B8B3-F1B78D321175}
{493811F2-3424-4F95-B014-C0A686CC4447}
{4971A303-B56D-411E-B04D-4ED15CB116D3}
{498C69B9-A219-49A3-A94E-95679999E023}
{4B2D03DA-48DD-4129-A487-D8D4CD43E7E9}
{4B662C3A-A607-4196-9016-632ECA5767A3}
{4B909AA4-2202-4B2B-887D-E81E9371F8B2}
{4BC33DB0-8157-494A-8352-28BACF90195E}
{4CB59134-721C-4932-BB74-33B644FC958C}
{4CEC7256-C93E-4EEA-91FA-9A415A41F8B4}
{4D55D8F6-B2C4-415F-9630-2803EC5989FC}
{4E33FEC7-4AC2-49EA-8AC6-65D7FF4F5253}
{4EF1BFF1-C6D0-4388-B8F3-5A2C26406D18}
{4F2F0236-D6F3-4E8F-8FC8-FE137BA9F526}
{4F400383-9CE3-4E08-93E0-8A0E1A3030E4}
{502CC4C0-FFC4-4893-99F3-91B7CEDE91F0}
{5034D27F-74A2-4F99-94E3-E09A9F596E59}
{50708103-02E7-4383-8E6A-3D59129A3B53}
{507EB09A-B3D9-4B56-99ED-3FDD7812D7B5}
{5080648D-C44A-4BF9-AB46-04D7DA8C6887}
{51BF9A68-FCE7-454E-AF05-1E954E378F01}
{5213404F-F268-4197-A13E-B94DD50084BE}
{52163A66-947D-4173-922B-45EBC6D83C14}
{5229AF02-FE1D-4627-A485-CDD21801394D}
{52677115-FFCF-4FBA-9511-A42B414D1C5B}
{5315B07F-2AB4-433D-9B0E-E1E64713A363}
{53292547-7DC1-4749-966B-DEA33B8BF618}
{53AA7932-7252-4213-8F52-01012A63FBCE}
{54D4C3B9-F1A1-4B1D-9468-8192D90CFAFA}
{5558557F-9FE7-4FE6-988B-CDA8DF569F1D}
{55D5C93C-C14F-47B4-B79E-456F195A30A3}
{5605C5DF-CF44-458A-8D66-BCC2AB33A086}
{56301945-7C22-4528-87EB-321FBE6948EE}
{56395D93-E492-4466-BA41-AFCE67C3175C}
{5647C750-6D83-44E8-A9BE-113BF852F558}
{56B3848E-B563-443C-B198-09BF498393D8}
{56E384B2-3E11-4109-96F3-EED506CDC6F1}
{5733ED84-9026-4FD8-B1A0-8443E9A3D08E}
{57348ED3-92BF-4830-AFFA-5A2DD9713E39}
{57A8789B-A520-4614-913B-47B91CC1946F}
{57AEB34E-A96A-4E16-AA2F-68261BD94A98}
{581C1EC1-01A0-419F-8CF9-C0FEF5568D0D}
{591C2225-B250-4196-93ED-87EA9429D6E8}
{59747BA7-1A4E-40EE-A084-37B875C3ED28}
{59F59569-6B99-41E7-AB9A-7FA0F82C99C3}
{5A792C4B-4EB8-47AD-9EAB-A66850013CAA}
{5A9BFE66-A86A-4F7F-A216-3D2D866E1348}
{5ADD3F64-E72E-4321-A13D-36AED3C15B79}
{5B1B5EEE-FD80-4096-AD84-7ADC24686512}
{5B47A815-8DF1-4B9A-95E7-DCA6130BB326}
{5BE92CD2-76F7-4397-9B86-5E955A75B82F}
{5C5F6E18-BF7B-470E-B6F3-38E8BD6D4D98}
{5C7E4271-EAF1-473C-9AA9-4C5E4EA50AE5}
{5C8FC164-AEB7-47A2-9546-9FC671BD8759}
{5D1EB7B2-85FD-48DA-8AF8-BE7FDE165F6C}
{5DA9A396-B187-4FB5-B196-0DD2E26AFE32}
{5DFD7839-272A-4FBA-B661-304C0B928AA8}
{5E15AE32-2F78-4260-B5BB-1E7A08BA95B4}
{5E1BD324-341A-4A70-8D4D-93D6BA86619D}
{5E2E8FD4-E4B0-404B-A0C1-997AC7695CD7}
{5ECAFD35-E811-476A-8797-7487ED75BDAB}
{5F7A9207-0635-4DF8-97F4-05F50731A172}
{60044DD5-15E8-485B-8435-3536020100B8}
{60168292-BF19-4B2F-B22E-3E276EBCC588}
{6072F0CA-6429-462A-94B2-E7CD646A739C}
{60A39C16-2F46-4BE0-A1E9-2C06A0A8A3BD}
{6159C77B-6590-459D-9F5A-015BE8F966BD}
{632146FC-49E6-4353-BC52-C15B0484A4EC}
{642930A9-3152-4C23-BCB9-73FF0A604F35}
{64AFD334-A8A5-47DD-B69A-3CA406FEA8A5}
{6546DE00-3209-4893-8CB7-8A01705011CA}
{6616C427-9107-4294-8DCA-81946C4035E1}
{66F7E937-9048-42E4-9887-4469FF529B9B}
{670FA25D-20D1-45DA-8417-6FA228092495}
{682BC6CC-F23A-48AD-AC05-27A511321DC4}
{6925195D-2F67-4AF1-BED0-9B5FE57ED063}
{69618E40-28A3-497D-A74D-9957A5362715}
{69F75043-88EA-489C-B07B-E1651E362A91}
{6A55DEEC-810D-4C4E-9CEC-579FBEC66BC0}
{6AEA9E6D-3728-4F85-8C82-DA6C9B8890DD}
{6BA2EA3D-E1BD-463F-A438-DEB022F984DB}
{6BE6A672-A72B-48EE-AE62-13D30A79B92B}
{6C8247F2-E1D6-415D-B22C-6DC30116BD2B}
{6CB39C69-BCBA-4FE1-A6DC-E9CF7883EEC9}
{6D45EF38-7F44-4523-B869-1DBD8C8B0DD5}
{6E9C93A5-CF2A-4DD5-B6AE-F893351EEAD0}
{6ED127A8-2AA4-423C-B6F1-B3D90C0B210E}
{6ED21FF4-04B9-492C-A749-1D79611103D9}
{6F010F8E-2A5C-4DCE-B34F-49EB325DA30C}
{6F232863-2196-451E-BF10-78E3F185B11F}
{6FF68EC0-30DD-4152-92F3-12DE89539C8A}
{700AF4B8-92A2-4AA2-91FF-76A8A97180B5}
{70731E92-0E54-4E48-A2A4-5EA44AC89542}
{70C5302B-C9FE-4B42-91C7-48048970ACA4}
{715FA38E-F396-4357-A617-DF62F82A1291}
{71833CB2-ED88-4590-9761-6B0675A59F24}
{7271CF87-3A04-4225-BC91-45BBD1DFB46F}
{73278CAE-52E3-4544-BD9E-FB7D51D26B94}
{747829CF-D530-468D-B2FE-5D975E346424}
{748BFA3B-D3EF-481B-BF71-9C43F85CB632}
{753CFD43-B927-45EE-8D85-CE1C91F5765D}
{75839483-6710-4DA5-8DA2-26270F38C20C}
{759BF838-0CAE-4033-B18D-648778CD64B4}
{75C51317-C635-40D3-95A0-DB06499AA16B}
{765B26FC-329E-452F-85F3-C37300F9C9B8}
{76BA825A-2266-4B7E-AE58-AF255F63C63C}
{76C3012E-7871-4332-A4A2-D980A4132C09}
{76E57C87-576E-4CA0-AED8-504686243833}
{772117D7-8493-44D7-83E2-B20D5E9B9B56}
{7770A2FA-B63E-4815-95FC-A3209941EB2C}
{77DB66D1-1933-44D3-BAC6-C043B3038DBD}
{7807D11F-E5CC-437F-B0B7-BE0A63A17A0C}
{7851878B-9204-491D-90CC-37582382A14C}
{78547B03-FB1D-41CD-8A95-6D9F33E654B8}
{78991C49-E991-4E71-9221-B973F8BB79DA}
{789B15B5-25C8-41B7-9A88-71ECC3E1C1E2}
{78FB6432-6AD0-4802-AA69-86D796F0E405}
{7AF207BE-436C-4580-A400-7A07EF33C733}
{7B219139-0AC5-4222-BC20-C22C033F0823}
{7C3E67C3-ECA7-44ED-BF88-C90BA689DE95}
{7C7F6DBE-3F7D-4C8A-BD36-B83890F59A9A}
{7CEB7989-5F79-4D63-BF00-79C3B6804F58}
{7CFAAAAF-C48A-4909-94F0-D4F9B0B6B0ED}
{7D0BE472-E283-4D53-84E6-4F2D02FEEE69}
{7D1E8218-750D-4EC0-995F-BA1771B1D267}
{7D4DE823-1A14-4C42-BF5B-D02A66081FA1}
{7D57E07E-B5E7-4CB2-B7A9-8C5DF84B6A35}
{7D583CF4-0CAE-4565-A03F-304C1FEF2AF7}
{7D9602BE-3872-4619-8515-345C4A921309}
{7DAB050B-B213-47EC-9D12-A4C80378C92E}
{7DF520DD-FB21-481A-A443-B2EAD699152C}
{7E7DDE2F-693E-4915-A88D-2E2312695C08}
{7F11AF2A-66FA-4071-A726-0DF591025165}
{7F854E07-E356-4827-8876-CF0A7D4E408C}
{80375ECB-0A1A-4F6B-A9C9-A91CCA597B17}
{8060F5F5-8AED-494B-81E4-187EFC58AB4F}
{809F8207-DD21-4FFA-8923-C22B706F2EB2}
{81170B4F-6F8B-4C69-9A27-44644A4EA0B4}
{815D506A-4A53-4557-B68A-01C4A70EA406}
{8185489F-3CBA-4CDD-818B-A9EC4020C4CD}
{821D3727-677C-4292-9614-54E77CB9F167}
{826CB604-F336-49C7-8C1E-3C1CEBE10817}
{8327C07F-DEB3-4F30-9EF0-633681812FB6}
{83317674-9DE7-44AE-8D15-4DFDF07F3E11}
{83AF7289-AD18-498F-BF85-CC55C202EA4C}
{83D46284-4DAE-44F3-B1E0-13505D51C91A}
{83FC5176-CCD2-4803-B28F-C33A2DB23450}
{84697E82-1CA9-4EC7-955F-AC6A26460767}
{848889F6-539E-4A61-A999-F59D1B386E12}
{8531D602-8B0F-41B9-A766-5AF88241B7F7}
{86A0297A-DF7F-4F99-A08D-F39BDD3F0CA7}
{86D99882-F123-4853-B392-BB50371671E7}
{87A2D23F-A721-4DE5-9546-221EB4BD64D5}
{87CDDAD3-27AC-4D85-A19E-9B9CE1C8144A}
{87D26B0E-D765-4198-A0D2-1BD8940F714D}
{87D94A02-365E-4A89-9458-60855388C978}
{8866265F-0392-4F7A-AABD-93600E26ED13}
{889F4081-23AF-4FA0-B225-5045219E2212}
{89705FE0-8FA9-4391-BB1A-F22B1578551D}
{8996ABF5-0E5C-40D8-A14E-8C5AA152D926}
{8A082597-83A5-47B1-9750-6577A29E9508}
{8A74B3C5-365B-4D63-AB9C-4E5E31F86D8B}
{8B624BA9-FF4C-490D-BD67-9B1A30CBEC65}
{8C1BEC06-1278-47E3-9F60-FB649DAC4830}
{8C1CDCE6-177A-4A13-9756-6C91ABF61E90}
{8CDC8B13-6AFD-46CD-AA15-4C7CC703308A}
{8CF6758E-B67C-4858-979D-A5030CD10CE3}
{8D2C2547-95AC-4282-9538-C436DEDA4250}
{8E7AB74F-B93D-449F-80CE-295791D2FEB3}
{8F535D73-5336-4E3F-A0B8-9E9C987ED9D5}
{8F711141-666E-4597-A255-129E0079D5C3}
{8FCAFC23-6E43-4592-87C0-8E2751A34B7B}
{8FDBFE9E-5107-4245-93C6-6ED6AC852A6E}
{90AD8A0E-5CEA-4219-9E1B-592279BBE9F4}
{90B2B006-17FA-4A8B-8E10-7CCE8540744D}
{927CD96C-7FF6-4367-9833-10769CFDA4AC}
{92B9CEA7-5BD1-4EA0-B9AF-A9BE6A181B7D}
{92CC52C3-0E8D-4E9D-B18B-517D37F2D0A1}
{93093D0A-1E1A-4842-9F7A-28DE3B1E73B0}
{93411DC1-E9D1-43B3-9E6B-F4310C1F9E76}
{937AE385-8FB0-4F78-B351-5A03FC27C2C7}
{94D5EFFD-3D77-4A07-9854-3B950F41023A}
{9603A932-019A-47F0-B279-36756ACFF0B0}
{96E51D5C-43A3-459E-A4DF-050DB62FE0D0}
{97107A9A-8E68-41CF-9A6B-B9CB72A892FD}
{99579883-3284-46B2-B791-10127E352F07}
{9A94647D-B622-49AD-B25E-001665A8A2D3}
{9AFBE83D-49DC-4825-9EFB-94D8407A0075}
{9B2EF131-EB96-4AFA-8717-87F4BB792925}
{9B31ACC9-51BC-4185-8BBF-F2BCDCCBC345}
{9D0099BC-29F2-45D3-962C-5A45C57E642F}
{9D031B58-1FD2-4CC8-847D-B4BE33178A42}
{9D10247E-5ACD-4197-B150-82AA82E47BE8}
{9D535C4A-DC57-4589-9999-415FFE410160}
{9DB27A13-8A84-42DD-928F-5B0551CD14AC}
{9DF45A6E-C658-4506-A5C1-3D2830FD5C76}
{9E3F3DAE-3D77-451A-BE6A-D20AF214FE2D}
{9ED8505F-17B6-4ABD-A267-2BE4D7A62455}
{9F107752-AD7D-435D-BD93-3CADEFC2B2E8}
{9F626E40-C44F-43D2-8525-303A22151CC5}
{9F956964-EE2E-408C-8655-FD8B1C87A4E4}
{9FBFDEF3-9396-4369-8FBE-7EBDB398CA11}
{A0437CB1-8589-4606-B097-F97E5EAAC81C}
{A0654BD5-ABB7-4AB9-885D-283295A0E218}
{A07E2851-205B-4A09-B60F-69AB41BBF6F8}
{A0F87C1B-EB81-4060-966E-52204F34530D}
{A1BEE31E-2165-428C-987E-6FEF1FD69CBE}
{A25A8C84-BDC5-473C-AF21-690393D77049}
{A2FF83C5-421E-42AF-A009-0129239C7964}
{A373BE62-7AD9-4451-B7B3-33A968E82F8C}
{A3916356-0ABC-46E2-848E-60390EC6F2EB}
{A47CD541-15BE-46E6-9FFA-2078FBB7BF2E}
{A48C1168-9238-4349-89B5-6E6227F3281F}
{A4A9D97E-88FF-45C9-8301-517D00859459}
{A4E346F1-4B33-4EE6-A6F8-99DB5FE8BFD5}
{A4E905B7-07B3-426D-8A78-28B6796B90BD}
{A6B55E6B-6B12-479C-B65A-3970C77A5AA8}
{A6D67652-FB94-407A-B814-4C47F7918005}
{A7DDE27F-75E1-47CA-912E-371A5546FE3A}
{A8740C86-A4E1-4091-8C4F-F5B8C58230D7}
{A8A8EF0B-5D3D-4FF7-8585-89533A11BA6C}
{A8F6167D-E27D-4F98-9677-DD0E1659B82C}
{A9544540-FB5C-4B2F-A1E4-2F1D74C18ED1}
{A95F5C77-E820-41FD-BDDE-684C1EB036CE}
{A9632FC0-4E15-472A-A222-3ADE10B9A6A2}
{A96440DC-1AB5-4E81-B2C3-3879BB1AB627}
{AA23BCD1-20AE-4CAA-A091-EB6B460C210C}
{AAD545E6-0C4F-4B14-890B-B91DFD59F064}
{AAFA3623-91FA-4946-B949-D2162E54EB46}
{ADAD4F74-AB11-479E-85E3-763A31E1C360}
{ADF2FD4C-6EE1-40A9-996D-0901F20B8013}
{ADFC4827-75B4-45E8-B248-A7C2C87948B3}
{AE76FD20-2FFE-47ED-8E50-2346A9086FBB}
{AEA6DB75-D9FE-4DA1-9727-0BE6EF44984F}
{AEA82CBC-0D77-47C4-B740-16C1E6A4C590}
{AEF6E7B7-EB13-421D-8922-0944DD732C50}
{AEFABBF0-5726-4E5B-B6A3-8C19198F7F9A}
{AF43057C-595B-47BB-A1E5-B057375D9E9F}
{AFC86E64-6F9A-4F16-9834-4142C36E936D}
{B063C31D-A2B3-48C8-BB39-7CF22E291745}
{B194112F-2993-4CD0-8EF5-30509B16E4B3}
{B1D18D40-BC27-4771-9D75-7F185EB8BE35}
{B1EE829F-04C6-4C7A-B1CB-2473E6CE8F61}
{B209C171-D003-4AD5-A0BF-82D8FD4D3F80}
{B21BE3E5-5FAF-4749-9958-F3416EE24AE0}
{B29B8001-CC9F-4406-9BB9-0C1B96D4B0F1}
{B2BBEEE3-4853-4043-9D29-D5E40E9124A7}
{B2F21610-2897-4EB3-A128-FD2AA468170E}
{B2F67DC9-9DD7-46D5-886E-45B314F0CA68}
{B3F9425F-2A0C-48EF-BC2C-0CE89FAFEA3E}
{B5337B43-271B-4FE0-9965-11AF396DBAC8}
{B572ADCF-192B-410E-9CC5-3AC9B289F4D6}
{B5B3E7B3-7E74-4723-8D64-D1B539A63217}
{B69CE612-4446-44BA-B8D6-6B465C0ACD51}
{B71A7F51-234B-4D6A-BBA6-6FF04B261DB6}
{B7E6BC92-0899-417B-93C6-00F69AA4B12A}
{B7E9759A-1CCF-4911-B549-921D48ED9626}
{B83B4D4C-C5B0-44EE-BF4D-321B1B40721E}
{B8D6622C-1B6C-4A57-9457-B0FFEB30828E}
{B910C457-A111-4CA4-8D97-875EC6A750D3}
{B9F20157-2DA4-4335-BBDD-B75B37476A62}
{BAFDDE8A-6F36-4C9C-B992-22753F953DEC}
{BC0681A4-1E3F-4BE7-98E1-90AD38D37603}
{BC553AF9-AA09-4433-B401-975EEE8E0F29}
{BCC089E0-E357-4EF2-8D05-9EE664DB328F}
{BD286171-9B5C-4820-AC59-FCE9D3A09504}
{BDFEA57B-1731-4895-8CC1-DFD69C175DA7}
{BE97CAAA-7F58-4E58-A880-6185DA64ECE9}
{BEBE9E0A-FF9C-4691-A1E7-C3F7C2E87CAD}
{BEEED7ED-2EB2-44AC-B470-35593E0FE1E1}
{C08ED730-2E29-4066-9622-D6DD3D8414C2}
{C0BAF563-2951-4A11-98C4-0AC13C048001}
{C1A19117-1F17-4885-9A8A-C7D8F983DED5}
{C1A451EB-83AC-48E4-854E-7A70D3CADD70}
{C2D7995F-010C-4E15-9501-7BF11F3F4444}
{C2FC76DE-84E8-419C-B33B-F929CA75ECED}
{C40A43C5-B245-4BBB-AEC7-F37DB61221F4}
{C47320E8-F904-4C0C-A6DA-7526C11B03C1}
{C4A6B9A3-A332-48DE-BC72-4C5FD8701672}
{C4D8184E-3F11-4D92-B9AC-38A2F60E65FF}
{C50DE454-B428-4FDF-9617-314F0A96FC94}
{C5338BA5-9F47-49FF-A549-B93F099CEAC2}
{C559C291-E230-4789-8E92-2F58B5B47F59}
{C63C7331-961C-4888-B81E-5D2F8DE333B6}
{C6FAFE93-CC12-4C49-AA24-F64F5DAEA723}
{C865E1EB-D631-4CFF-8399-85443FE8A8B9}
{C8FA8F57-BEC0-40A5-A7A9-E24759CFFC9A}
{C939A76B-29AC-4C48-9220-08B6CABABE2F}
{CA525A3C-D112-4AEA-B922-81B6729B613A}
{CB40AA31-B2A8-4143-B5A4-8D0115AB22C7}
{CC541365-C6C1-451D-9857-A680ECC10C13}
{CC5A323C-C9CC-4647-8ADD-7047E9F7CFD8}
{CCE31E41-20C8-4FEF-8528-6BFE775BE4D4}
{CD5FA87B-A7E6-4738-983C-A4B5A94586A2}
{CE56EDCD-1B5E-4516-8C8E-8C559D8E1F67}
{CE892DCE-5EED-4C4A-9F51-C5CFF985099D}
{CF5F6D5C-8D73-47D9-98F6-D6233B3EE94D}
{CFABC6C7-1C83-404C-8212-35F85C90D948}
{D01C852C-5492-4D2E-BEFE-34950B5C78A4}
{D03A0029-04C6-4638-B798-A8D3CFDDE895}
{D05F2098-AEB2-481D-9AFA-734BEBE32C35}
{D16A5EF0-B538-4313-8AF3-4057F3B1F214}
{D1CD9AF9-CBF5-4449-85F9-15E754894ABF}
{D3855F83-785C-4A4F-81ED-6CCB4ECC635E}
{D3E81A04-1FF6-492C-85A7-71B81E0CF05B}
{D40DABFE-2E6B-41A1-8F83-ECD7290CEF99}
{D4602B4F-41DD-4FEB-9FE2-587A4B544F09}
{D550E0A4-EA1A-41B3-83E7-40D82F8C497C}
{D65F8DE4-EDCF-4DF2-9888-8755D78F7F31}
{D66BCC9B-4670-49F2-B081-D809D52D8B05}
{D6746B3E-B8F6-4CA9-9B86-20D43F20A5BA}
{D6AAAC04-2A07-4F16-8971-90E4462D8F9A}
{D71961F9-2906-4BBA-AC85-2BAE9504553D}
{D7CE5C59-202B-4FEC-A75E-0C456C0C74DE}
{D8254175-2172-4502-B68C-4463F47DD1A0}
{D8BEBD8F-8453-41AF-B1D6-3E518E4E0D1B}
{D8D9292F-5D8D-41A6-AC3D-61E7F1DA720E}
{DB5CCFDA-CDE5-4CFB-9948-81717666A6FB}
{DBBCAD70-2EE6-4933-BD97-367F2D7EE3D6}
{DCA16FAD-2305-4B31-A294-717809B7CEB7}
{DE1194FC-31CC-40BA-B420-DAC89CBEE49F}
{DE528E64-66A0-430A-AC8A-7196D24D8A58}
{DF8B5174-F80D-4454-B06C-8408CBFDD7F0}
{DFA49292-2B92-413D-A87F-D6FDEE42E060}
{E019086F-4E39-4C17-BF1D-7DD515E128D2}
{E0FD8928-811C-4417-938D-A56AF9E2BA2F}
{E11B32C1-8839-48FA-9669-D2366B67DB51}
{E12B0987-9E46-45A7-AAE0-F86CCE628FF7}
{E12B09BD-9BB5-4FE9-A932-802075D5676C}
{E18D5CF7-79FD-469B-BFA0-5B09AEACB6C7}
{E1DFEDE6-7147-46E8-AA7F-F68AE565B96A}
{E203D752-83F3-4C5D-ABCA-307B5D45773B}
{E254EEAE-7B0F-45A3-8DE1-F6740B497BDF}
{E29BD90C-C520-4C63-9CFB-1DA1F2EA0E4D}
{E32638DA-D96F-4E1C-8956-640F326A185E}
{E3911B62-43A1-47F4-BB02-DE9366B8D2E9}
{E3BA86E3-D2AE-49A3-932D-B9054BF40501}
{E42C49F7-F65A-4F3D-AB3A-5E63E105AB88}
{E44F7FE6-4470-4EF7-8930-55C73621D50C}
{E493F3D2-EAB8-4CD8-9EE1-6A4F124DAFA7}
{E50F0207-E7F4-4558-9DEF-C7493FCAAA02}
{E5247862-0167-4B46-8FCE-5101008A3921}
{E5B4B483-4006-4BCD-A2A2-9B369779E9DE}
{E5BB7CF1-6488-4086-9C95-243CF2FC5CF0}
{E691A576-E27E-45D1-A085-57092C8207C4}
{E7A00B98-7673-403C-B84C-2164818A0236}
{E858C53C-8440-4BB1-8220-A62CB0B8723C}
{E8F68C0D-FCEE-4E33-8898-C1DD4A59F631}
{E94033B2-6A80-4FC4-B62B-4AB1D1A97EC3}
{E958DB8A-CF4C-4A6C-982E-A18E6993E45E}
{E9BEC0E2-50F3-4512-B1F6-14A8413C43AB}
{EA2FAB5E-A961-4D12-A717-FC246FADF7E6}
{EA516314-4AB0-4187-872A-A2AFB2386403}
{EA9A75A9-D278-4350-97E7-2F8189CAC6BB}
{EADF588E-5DCA-4851-A4D1-166190330DB4}
{EB035992-B425-4632-9898-1C8C649CB7CB}
{EB2010B3-3A04-48C0-9006-4797F46BCF77}
{EB2D016F-CB75-4307-A586-BD94F5A16FB3}
{ECE56BD4-1FFB-4620-8F09-1BE052FC85AE}
{ED47DC22-BCCE-467B-9805-0B7221F33997}
{EDC38A22-9219-4EA3-B819-704463F04F2C}
{EDE483A5-5214-46B2-AAA2-85C6E2FDC2A3}
{EE5F8736-22A6-4187-9D62-D57CD719E7FD}
{EEDB2D68-BC36-40F2-940A-57580C21F439}
{F048859B-14CD-4F78-9094-D7C041C1683F}
{F04EE952-3570-4730-B9D4-6006D1A4A569}
{F05F012A-0A19-483A-BFBD-CA020FA39C7D}
{F0D4C0D0-AC85-490A-A8C6-25B684F9309B}
{F1A8255C-66D4-497B-8603-A9D954276279}
{F1B126E9-090E-4495-9253-CB263B125F2E}
{F24E46FA-F798-4A5C-BC34-280420C27C45}
{F2E2E060-3C85-411D-B88D-3A74800CCEA8}
{F4014939-ECFF-40A3-ADF0-CF6EBFC6C21E}
{F44AA061-10F5-4CE2-A4B8-AC23DCD6F831}
{F495B819-3512-4455-BB09-67D572B23E00}
{F49D2EFE-BAE7-47A6-92C9-4B88616649C9}
{F51C2E48-9280-47C1-8681-D4815819A12F}
{F614DBC0-99A2-4B2A-851F-7D48A7CE6243}
{F6C85F5B-6F15-421C-9DD6-2FF20476AC65}
{F6CA2611-0424-4AB9-8C04-E9E0902CA71E}
{F7C54117-091E-49D8-BA77-CA213409E438}
{F870DF5A-040C-489E-9DE5-E49A88D767B3}
{F89F309E-25EC-473C-BDB4-E7CCEDDA830D}
{F9259CDC-F1D5-413D-A113-778BAD0B3062}
{F954CFC1-A1FD-49D5-BC61-B0189990FF33}
{FB6295E6-DB84-43AD-BAED-99047DBF80EF}
{FC9383AD-013A-49D9-834B-AC3E2D0D6226}
{FCCBCEF4-CB1E-4E5E-9B09-9419DD4E2EB9}
{FE00808B-4B40-4B24-9473-5BFEA073BD31}
{FEBC6A07-4D48-4D3E-A572-37A724F258F2}
{FF40F102-65B4-477A-8AD2-EC28501DA96F}</msg>
<msg time="2024-10-23T10:44:08.039635" level="INFO">@{files} = [ .net | 0483B701-4561-49FE-97A1-FA6147B6B877 | 0F2377AD-C29C-4636-A760-8E52CBAC6F30 | 12642E82-D404-41FA-AA1B-BAC290F28D07 | 235A424F-5044-4FFB-AAAC-E845D792876E | 2633E97D-2EE8-4DD5-AA77-1C3FEE30486...</msg>
<var>@{files}</var>
<arg>path=${TEMPDIR}</arg>
<arg>pattern=*</arg>
<doc>Wrapper for `List Directory` that returns only directories.</doc>
<status status="PASS" start="2024-10-23T10:44:07.925987" elapsed="0.113648"/>
</kw>
<kw name="Log" owner="BuiltIn">
<msg time="2024-10-23T10:44:08.039635" level="INFO">['.net', '0483B701-4561-49FE-97A1-FA6147B6B877', '0F2377AD-C29C-4636-A760-8E52CBAC6F30', '12642E82-D404-41FA-AA1B-BAC290F28D07', '235A424F-5044-4FFB-AAAC-E845D792876E', '2633E97D-2EE8-4DD5-AA77-1C3FEE304861', '26EC7937-A38C-493F-86C9-08ED49D320ED', '367f4da9-d98f-47d4-b607-6a029959f3ec_PDS_RD_14082024_6a14214c-1268-4453-aab0-69f0e4ac538b.zip.3ec', '36C851F8-F4A3-486E-811A-691575526182', '379DDC5D-5999-4128-815E-A97B96A44380', '39DE586A-B85A-4E44-A0BA-7D801A9A6B72', '3DD57D91-2D04-4C01-86AB-F282A8134422', '47130965-663D-41E1-B425-45AD225453D7', '4AC137FC-D139-4B99-A9F0-066203A53DD5', '5ED3222B-C4D5-428C-B1AE-7076976E4C50', '62E30A91-8FB3-4BEC-B451-2E6192CDD14D', '66EF997F-08AC-4D3F-9BA4-F674A79607EE', '6736E0F1-A63E-4B0A-B764-675321B10E87', '67C81AE5-2406-42CA-BBE0-DD595429CED3', '767D63B2-3CC6-402D-915F-09BDA02C99A6', '80719383-480C-4DD0-92FF-44A6AD7BB7EF', '8B7BC1F2-6326-4B9F-A1CD-0B55A4E589F5', 'A7AD5C75-7993-43E6-AEF8-C6FABE7D823D', 'AD8A813F-F42E-4470-867C-1A19672185D6', 'ActivityVisualCache', 'AddinExpress', 'BCB31DC7-DC6B-4E14-B457-291CC3F41687', 'BD29DEC0-0D6B-4DBA-9875-50F1EC122E3A', 'BEF3FDEB-1067-48C9-B283-E03F63F44B0A', 'CTXReceiverLogs', 'D22CD29B-A4F5-4ABC-B21D-369A920CBD8A', 'D5827255-C4A1-469D-BEC3-17DA5CE54D09', 'D7134E25-2FCA-4210-A699-22E80DF8650F', 'Deployment', 'Diagnostics', 'E0FEBF18-9D60-4781-BA88-A7BD2340DB45', 'ECA6B212-89C8-40A0-94D4-75789C97C777', 'EFF9C7E8-A881-4AD7-9EB8-9AE1BD7CAAE8', 'Excel8.0', 'ExpressZip-18116-1', 'ExpressZip-18116-2', 'F438F337-5CD2-4CD7-85DF-37DF7973D084', 'F82AAB1F-07D5-4488-84E5-D49854EF0AC2', 'FCAD3C4B-22CC-4065-B326-8AF63A56608A', 'FDCE994F-7A8A-4178-B302-F7F339F796A9', 'FF491DC0-A4AF-489E-99BE-DCAEA523376F', 'Low', 'Microsoft', 'Outlook Logging', 'PhotoCache', 'PowerQuery', 'SDIAG_b2b3af0c-2a92-4032-91bf-fd2693369c70', 'SDIAG_e8fa5726-6d64-4c19-b4d2-f9224dec52c9', 'SnagitCapture', 'TCD1268.tmp', 'TCD1269.tmp', 'TCD126A.tmp', 'TCD126B.tmp', 'TCD126C.tmp', 'TCD126D.tmp', 'TCD126E.tmp', 'TCD126F.tmp', 'TCD1270.tmp', 'TCD1271.tmp', 'TCD1272.tmp', 'TCD1273.tmp', 'TCD1274.tmp', 'TCD127E.tmp', 'TCD1291.tmp', 'TCD12A1.tmp', 'TCD12A2.tmp', 'TCD12A3.tmp', 'TCD12A4.tmp', 'TCD12A5.tmp', 'TCD12A6.tmp', 'TCD12B7.tmp', 'TCD12C6.tmp', 'TCD12C7.tmp', 'TCD12D8.tmp', 'TCD133A.tmp', 'TCD133B.tmp', 'TCD134C.tmp', 'TCD134D.tmp', 'TCD134E.tmp', 'TCD134F.tmp', 'TCD1350.tmp', 'TCD1351.tmp', 'TCD1352.tmp', 'TCD1353.tmp', 'TCD1354.tmp', 'TCD1355.tmp', 'TCD1356.tmp', 'TCD137.tmp', 'TCD138.tmp', 'TCD139.tmp', 'TCD13A.tmp', 'TCD14B.tmp', 'TCD14C.tmp', 'TCD14D.tmp', 'TCD14E.tmp', 'TCD15D1.tmp', 'TCD15D2.tmp', 'TCD15D3.tmp', 'TCD15D4.tmp', 'TCD15D5.tmp', 'TCD15D6.tmp', 'TCD15D7.tmp', 'TCD15D8.tmp', 'TCD15D9.tmp', 'TCD15DA.tmp', 'TCD15DB.tmp', 'TCD15DC.tmp', 'TCD15DD.tmp', 'TCD15DE.tmp', 'TCD15E0.tmp', 'TCD15E1.tmp', 'TCD15ED.tmp', 'TCD15F1.tmp', 'TCD161.tmp', 'TCD1618.tmp', 'TCD1619.tmp', 'TCD161A.tmp', 'TCD161B.tmp', 'TCD162.tmp', 'TCD162B.tmp', 'TCD162C.tmp', 'TCD164E.tmp', 'TCD1708.tmp', 'TCD1709.tmp', 'TCD170A.tmp', 'TCD170B.tmp', 'TCD170C.tmp', 'TCD170D.tmp', 'TCD170E.tmp', 'TCD170F.tmp', 'TCD1710.tmp', 'TCD171C.tmp', 'TCD171D.tmp', 'TCD171E.tmp', 'TCD171F.tmp', 'TCD1720.tmp', 'TCD1721.tmp', 'TCD1722.tmp', 'TCD1723.tmp', 'TCD1724.tmp', 'TCD1725.tmp', 'TCD1726.tmp', 'TCD1727.tmp', 'TCD1728.tmp', 'TCD1729.tmp', 'TCD1734.tmp', 'TCD174.tmp', 'TCD175.tmp', 'TCD1757.tmp', 'TCD1767.tmp', 'TCD187.tmp', 'TCD1902.tmp', 'TCD1903.tmp', 'TCD1924.tmp', 'TCD1A20.tmp', 'TCD1A41.tmp', 'TCD1A73.tmp', 'TCD1A93.tmp', 'TCD1B41.tmp', 'TCD1BA2.tmp', 'TCD1BD2.tmp', 'TCD1F96.tmp', 'TCD1F97.tmp', 'TCD1F98.tmp', 'TCD1F99.tmp', 'TCD1F9A.tmp', 'TCD1F9B.tmp', 'TCD1F9C.tmp', 'TCD1F9D.tmp', 'TCD1F9E.tmp', 'TCD1F9F.tmp', 'TCD1FA0.tmp', 'TCD1FA1.tmp', 'TCD1FA2.tmp', 'TCD2068.tmp', 'TCD20B4.tmp', 'TCD20B5.tmp', 'TCD20B6.tmp', 'TCD20B7.tmp', 'TCD20B8.tmp', 'TCD20B9.tmp', 'TCD20BA.tmp', 'TCD20BB.tmp', 'TCD20BC.tmp', 'TCD20BD.tmp', 'TCD20BE.tmp', 'TCD20BF.tmp', 'TCD20D0.tmp', 'TCD2119.tmp', 'TCD2129.tmp', 'TCD212A.tmp', 'TCD212B.tmp', 'TCD212C.tmp', 'TCD212D.tmp', 'TCD212E.tmp', 'TCD212F.tmp', 'TCD2130.tmp', 'TCD2131.tmp', 'TCD2161.tmp', 'TCD2182.tmp', 'TCD2352.tmp', 'TCD2353.tmp', 'TCD2386.tmp', 'TCD23C4.tmp', 'TCD23D5.tmp', 'TCD23F6.tmp', 'TCD2407.tmp', 'TCD2408.tmp', 'TCD2409.tmp', 'TCD240A.tmp', 'TCD240B.tmp', 'TCD240C.tmp', 'TCD240D.tmp', 'TCD240E.tmp', 'TCD240F.tmp', 'TCD2410.tmp', 'TCD2411.tmp', 'TCD2412.tmp', 'TCD2413.tmp', 'TCD259D.tmp', 'TCD260D.tmp', 'TCD266D.tmp', 'TCD2670.tmp', 'TCD2682.tmp', 'TCD2683.tmp', 'TCD2685.tmp', 'TCD2686.tmp', 'TCD268C.tmp', 'TCD26A6.tmp', 'TCD26C9.tmp', 'TCD26CA.tmp', 'TCD26DB.tmp', 'TCD26EE.tmp', 'TCD26EF.tmp', 'TCD26FC.tmp', 'TCD2700.tmp', 'TCD272C.tmp', 'TCD28E4.tmp', 'TCD2C2E.tmp', 'TCD2C2F.tmp', 'TCD2C30.tmp', 'TCD2C31.tmp', 'TCD2C32.tmp', 'TCD2C33.tmp', 'TCD2C34.tmp', 'TCD2C35.tmp', 'TCD2C36.tmp', 'TCD2C37.tmp', 'TCD2C38.tmp', 'TCD2C39.tmp', 'TCD2C3A.tmp', 'TCD2CD8.tmp', 'TCD2CD9.tmp', 'TCD2CDA.tmp', 'TCD2CDB.tmp', 'TCD2CDC.tmp', 'TCD2CDD.tmp', 'TCD2CDE.tmp', 'TCD2CEF.tmp', 'TCD2CF0.tmp', 'TCD2CF1.tmp', 'TCD2CF2.tmp', 'TCD2CF3.tmp', 'TCD2CF4.tmp', 'TCD2FE7.tmp', 'TCD2FE8.tmp', 'TCD2FE9.tmp', 'TCD2FEA.tmp', 'TCD2FEB.tmp', 'TCD2FEC.tmp', 'TCD2FED.tmp', 'TCD2FEE.tmp', 'TCD2FEF.tmp', 'TCD2FF0.tmp', 'TCD2FF1.tmp', 'TCD2FF2.tmp', 'TCD2FF3.tmp', 'TCD31BD.tmp', 'TCD31BE.tmp', 'TCD31BF.tmp', 'TCD31C0.tmp', 'TCD31C1.tmp', 'TCD31C2.tmp', 'TCD31C3.tmp', 'TCD31C4.tmp', 'TCD31C5.tmp', 'TCD31C6.tmp', 'TCD31C7.tmp', 'TCD31C8.tmp', 'TCD31C9.tmp', 'TCD3472.tmp', 'TCD3483.tmp', 'TCD3484.tmp', 'TCD3485.tmp', 'TCD3486.tmp', 'TCD3487.tmp', 'TCD3488.tmp', 'TCD3489.tmp', 'TCD348A.tmp', 'TCD348B.tmp', 'TCD348C.tmp', 'TCD348D.tmp', 'TCD348E.tmp', 'TCD3492.tmp', 'TCD3493.tmp', 'TCD3494.tmp', 'TCD3495.tmp', 'TCD3496.tmp', 'TCD3497.tmp', 'TCD3498.tmp', 'TCD3499.tmp', 'TCD349A.tmp', 'TCD349B.tmp', 'TCD349C.tmp', 'TCD349D.tmp', 'TCD349E.tmp', 'TCD34B2.tmp', 'TCD34B3.tmp', 'TCD34B4.tmp', 'TCD34B5.tmp', 'TCD34B6.tmp', 'TCD34B7.tmp', 'TCD34B8.tmp', 'TCD34B9.tmp', 'TCD34BA.tmp', 'TCD34BB.tmp', 'TCD34BC.tmp', 'TCD34BD.tmp', 'TCD34BE.tmp', 'TCD3BBE.tmp', 'TCD3BBF.tmp', 'TCD3BC0.tmp', 'TCD3BC1.tmp', 'TCD3BC2.tmp', 'TCD3BC3.tmp', 'TCD3BC4.tmp', 'TCD3BC5.tmp', 'TCD3BC6.tmp', 'TCD3BC7.tmp', 'TCD3BC8.tmp', 'TCD3BC9.tmp', 'TCD3BCA.tmp', 'TCD3CE7.tmp', 'TCD3CE8.tmp', 'TCD3CE9.tmp', 'TCD3CEA.tmp', 'TCD3CEB.tmp', 'TCD3CFB.tmp', 'TCD3CFC.tmp', 'TCD3CFD.tmp', 'TCD3CFE.tmp', 'TCD3CFF.tmp', 'TCD3D00.tmp', 'TCD3D01.tmp', 'TCD3D02.tmp', 'TCD3F4F.tmp', 'TCD3F50.tmp', 'TCD3F69.tmp', 'TCD3F6A.tmp', 'TCD3F6B.tmp', 'TCD3F6C.tmp', 'TCD3F6D.tmp', 'TCD3F6E.tmp', 'TCD3F7E.tmp', 'TCD3F82.tmp', 'TCD3F83.tmp', 'TCD3F8F.tmp', 'TCD3F90.tmp', 'TCD3F91.tmp', 'TCD3F95.tmp', 'TCD3FA7.tmp', 'TCD3FB9.tmp', 'TCD3FBA.tmp', 'TCD3FCD.tmp', 'TCD3FEE.tmp', 'TCD3FEF.tmp', 'TCD4021.tmp', 'TCD4022.tmp', 'TCD40EB.tmp', 'TCD40EC.tmp', 'TCD4163.tmp', 'TCD4164.tmp', 'TCD4165.tmp', 'TCD4244.tmp', 'TCD4255.tmp', 'TCD4256.tmp', 'TCD4296.tmp', 'TCD43C2.tmp', 'TCD43D4.tmp', 'TCD4404.tmp', 'TCD4517.tmp', 'TCD4518.tmp', 'TCD4519.tmp', 'TCD451A.tmp', 'TCD451B.tmp', 'TCD451C.tmp', 'TCD451D.tmp', 'TCD451E.tmp', 'TCD451F.tmp', 'TCD4520.tmp', 'TCD4521.tmp', 'TCD4522.tmp', 'TCD4523.tmp', 'TCD46B9.tmp', 'TCD47CA.tmp', 'TCD47CB.tmp', 'TCD47CC.tmp', 'TCD47CD.tmp', 'TCD47CE.tmp', 'TCD47CF.tmp', 'TCD47D0.tmp', 'TCD47D1.tmp', 'TCD47D2.tmp', 'TCD47D3.tmp', 'TCD47D4.tmp', 'TCD47D5.tmp', 'TCD47D6.tmp', 'TCD484B.tmp', 'TCD4E3C.tmp', 'TCD4E3D.tmp', 'TCD4E3E.tmp', 'TCD4E3F.tmp', 'TCD4E40.tmp', 'TCD4E51.tmp', 'TCD4E52.tmp', 'TCD4E53.tmp', 'TCD4E54.tmp', 'TCD4E55.tmp', 'TCD4E56.tmp', 'TCD4E57.tmp', 'TCD4E58.tmp', 'TCD52BD.tmp', 'TCD52BE.tmp', 'TCD52BF.tmp', 'TCD52C0.tmp', 'TCD52C1.tmp', 'TCD52C2.tmp', 'TCD52C3.tmp', 'TCD52C4.tmp', 'TCD52C5.tmp', 'TCD52C6.tmp', 'TCD52C7.tmp', 'TCD52C8.tmp', 'TCD52C9.tmp', 'TCD5591.tmp', 'TCD5592.tmp', 'TCD5593.tmp', 'TCD5594.tmp', 'TCD5595.tmp', 'TCD5596.tmp', 'TCD5597.tmp', 'TCD5598.tmp', 'TCD5599.tmp', 'TCD559A.tmp', 'TCD559B.tmp', 'TCD559C.tmp', 'TCD559D.tmp', 'TCD5685.tmp', 'TCD5686.tmp', 'TCD5687.tmp', 'TCD5688.tmp', 'TCD5689.tmp', 'TCD568A.tmp', 'TCD568B.tmp', 'TCD568C.tmp', 'TCD569D.tmp', 'TCD575A.tmp', 'TCD577A.tmp', 'TCD577B.tmp', 'TCD57AB.tmp', 'TCD596D.tmp', 'TCD598F.tmp', 'TCD5990.tmp', 'TCD5A4E.tmp', 'TCD5B88.tmp', 'TCD5BB0.tmp', 'TCD5BB1.tmp', 'TCD5BB2.tmp', 'TCD5BB3.tmp', 'TCD5BB4.tmp', 'TCD5BC4.tmp', 'TCD5BD5.tmp', 'TCD5BD6.tmp', 'TCD5BD7.tmp', 'TCD5BD8.tmp', 'TCD5BF8.tmp', 'TCD5C27.tmp', 'TCD5C28.tmp', 'TCD5C29.tmp', 'TCD5C2A.tmp', 'TCD5C2B.tmp', 'TCD5C2C.tmp', 'TCD5C2D.tmp', 'TCD5C2E.tmp', 'TCD5C2F.tmp', 'TCD5C30.tmp', 'TCD5C31.tmp', 'TCD5C32.tmp', 'TCD5C33.tmp', 'TCD5C37.tmp', 'TCD5C5D.tmp', 'TCD5C5E.tmp', 'TCD5C5F.tmp', 'TCD5C60.tmp', 'TCD5C91.tmp', 'TCD5C97.tmp', 'TCD5CC4.tmp', 'TCD5CC5.tmp', 'TCD5CD7.tmp', 'TCD5CDB.tmp', 'TCD5CDC.tmp', 'TCD5CE6.tmp', 'TCD5CED.tmp', 'TCD5CEE.tmp', 'TCD5CFE.tmp', 'TCD5D32.tmp', 'TCD5D73.tmp', 'TCD5E30.tmp', 'TCD5E80.tmp', 'TCD5FD4.tmp', 'TCD5FD5.tmp', 'TCD5FD6.tmp', 'TCD5FD7.tmp', 'TCD5FD8.tmp', 'TCD601F.tmp', 'TCD6020.tmp', 'TCD6021.tmp', 'TCD6032.tmp', 'TCD6033.tmp', 'TCD6034.tmp', 'TCD6035.tmp', 'TCD6036.tmp', 'TCD604C.tmp', 'TCD604D.tmp', 'TCD604E.tmp', 'TCD604F.tmp', 'TCD6050.tmp', 'TCD6051.tmp', 'TCD6052.tmp', 'TCD6053.tmp', 'TCD6054.tmp', 'TCD6055.tmp', 'TCD6057.tmp', 'TCD6058.tmp', 'TCD6067.tmp', 'TCD6088.tmp', 'TCD6150.tmp', 'TCD6151.tmp', 'TCD6152.tmp', 'TCD6153.tmp', 'TCD6154.tmp', 'TCD6155.tmp', 'TCD6156.tmp', 'TCD6157.tmp', 'TCD6158.tmp', 'TCD6159.tmp', 'TCD615A.tmp', 'TCD615B.tmp', 'TCD615C.tmp', 'TCD631B.tmp', 'TCD633C.tmp', 'TCD637D.tmp', 'TCD6534.tmp', 'TCD6721.tmp', 'TCD6722.tmp', 'TCD6723.tmp', 'TCD6725.tmp', 'TCD6738.tmp', 'TCD6749.tmp', 'TCD6759.tmp', 'TCD676C.tmp', 'TCD676D.tmp', 'TCD677F.tmp', 'TCD67A2.tmp', 'TCD67A3.tmp', 'TCD67B3.tmp', 'TCD68C9.tmp', 'TCD68CA.tmp', 'TCD68CB.tmp', 'TCD68CC.tmp', 'TCD68CD.tmp', 'TCD68CE.tmp', 'TCD68CF.tmp', 'TCD68D0.tmp', 'TCD68D1.tmp', 'TCD68D2.tmp', 'TCD68D3.tmp', 'TCD68D4.tmp', 'TCD68D5.tmp', 'TCD698C.tmp', 'TCD699D.tmp', 'TCD699E.tmp', 'TCD699F.tmp', 'TCD69A0.tmp', 'TCD69A1.tmp', 'TCD69A2.tmp', 'TCD69A3.tmp', 'TCD69A4.tmp', 'TCD69A5.tmp', 'TCD6ADE.tmp', 'TCD6AFE.tmp', 'TCD6BBB.tmp', 'TCD6BEB.tmp', 'TCD6BFA.tmp', 'TCD6BFB.tmp', 'TCD6BFC.tmp', 'TCD6BFD.tmp', 'TCD6BFE.tmp', 'TCD6BFF.tmp', 'TCD6C00.tmp', 'TCD6C01.tmp', 'TCD6C02.tmp', 'TCD6C03.tmp', 'TCD6C04.tmp', 'TCD6C05.tmp', 'TCD6C15.tmp', 'TCD6D85.tmp', 'TCD6DE5.tmp', 'TCD6EF1.tmp', 'TCD7097.tmp', 'TCD7098.tmp', 'TCD7099.tmp', 'TCD709A.tmp', 'TCD709B.tmp', 'TCD709C.tmp', 'TCD709D.tmp', 'TCD709E.tmp', 'TCD709F.tmp', 'TCD70A0.tmp', 'TCD70A1.tmp', 'TCD70A2.tmp', 'TCD70A3.tmp', 'TCD70C7.tmp', 'TCD70C8.tmp', 'TCD70C9.tmp', 'TCD70CA.tmp', 'TCD70CB.tmp', 'TCD7192.tmp', 'TCD7405.tmp', 'TCD7438.tmp', 'TCD748A.tmp', 'TCD748B.tmp', 'TCD748C.tmp', 'TCD768.tmp', 'TCD769.tmp', 'TCD76A.tmp', 'TCD76B.tmp', 'TCD76C.tmp', 'TCD76D.tmp', 'TCD76E.tmp', 'TCD76F.tmp', 'TCD770.tmp', 'TCD771.tmp', 'TCD772.tmp', 'TCD773.tmp', 'TCD774.tmp', 'TCD7BC0.tmp', 'TCD7BC1.tmp', 'TCD7BC2.tmp', 'TCD7BC5.tmp', 'TCD7BC6.tmp', 'TCD7BC7.tmp', 'TCD7BCB.tmp', 'TCD7BCC.tmp', 'TCD7BDC.tmp', 'TCD7BDD.tmp', 'TCD7BDE.tmp', 'TCD7BDF.tmp', 'TCD7BF0.tmp', 'TCD7F71.tmp', 'TCD7FB9.tmp', 'TCD7FCA.tmp', 'TCD7FCB.tmp', 'TCD807A.tmp', 'TCD807B.tmp', 'TCD80BB.tmp', 'TCD820F.tmp', 'TCD82DC.tmp', 'TCD837B.tmp', 'TCD83E0.tmp', 'TCD8430.tmp', 'TCD8451.tmp', 'TCD85EC.tmp', 'TCD86F7.tmp', 'TCD87AE.tmp', 'TCD87AF.tmp', 'TCD87B0.tmp', 'TCD87B1.tmp', 'TCD87B2.tmp', 'TCD87C3.tmp', 'TCD87C4.tmp', 'TCD87C5.tmp', 'TCD87C6.tmp', 'TCD87C7.tmp', 'TCD87C8.tmp', 'TCD87C9.tmp', 'TCD87CA.tmp', 'TCD8807.tmp', 'TCD8808.tmp', 'TCD881A.tmp', 'TCD883D.tmp', 'TCD884E.tmp', 'TCD885F.tmp', 'TCD8870.tmp', 'TCD8871.tmp', 'TCD8884.tmp', 'TCD8885.tmp', 'TCD88B6.tmp', 'TCD88B7.tmp', 'TCD88BC.tmp', 'TCD88ED.tmp', 'TCD88F7.tmp', 'TCD891C.tmp', 'TCD891E.tmp', 'TCD894F.tmp', 'TCD8959.tmp', 'TCD898A.tmp', 'TCD89D2.tmp', 'TCD89D3.tmp', 'TCD89D4.tmp', 'TCD89D5.tmp', 'TCD89D6.tmp', 'TCD89D7.tmp', 'TCD89D8.tmp', 'TCD89E9.tmp', 'TCD8A1D.tmp', 'TCD8A1E.tmp', 'TCD8A1F.tmp', 'TCD8A20.tmp', 'TCD8A21.tmp', 'TCD8A85.tmp', 'TCD8B9A.tmp', 'TCD8B9B.tmp', 'TCD8B9C.tmp', 'TCD8B9D.tmp', 'TCD8B9E.tmp', 'TCD8B9F.tmp', 'TCD8BA0.tmp', 'TCD8BA1.tmp', 'TCD8BB2.tmp', 'TCD8BB3.tmp', 'TCD8BC2.tmp', 'TCD8BC4.tmp', 'TCD8BC5.tmp', 'TCD8BE5.tmp', 'TCD8CBA.tmp', 'TCD8CFC.tmp', 'TCD9024.tmp', 'TCD93D0.tmp', 'TCD93F1.tmp', 'TCD94BE.tmp', 'TCD951D.tmp', 'TCD9771.tmp', 'TCD98BA.tmp', 'TCD98CA.tmp', 'TCD98CB.tmp', 'TCD98CC.tmp', 'TCD98CD.tmp', 'TCD98CE.tmp', 'TCD98CF.tmp', 'TCD98D0.tmp', 'TCD98E1.tmp', 'TCD98E2.tmp', 'TCD98E3.tmp', 'TCD98E4.tmp', 'TCD98F5.tmp', 'TCD9A2D.tmp', 'TCD9A77.tmp', 'TCD9A78.tmp', 'TCD9A79.tmp', 'TCD9A7A.tmp', 'TCD9A7B.tmp', 'TCD9A7C.tmp', 'TCD9A7D.tmp', 'TCD9A7E.tmp', 'TCD9A7F.tmp', 'TCD9A80.tmp', 'TCD9A81.tmp', 'TCD9A82.tmp', 'TCD9A83.tmp', 'TCD9C9A.tmp', 'TCD9EB.tmp', 'TCD9EB4.tmp', 'TCD9EC.tmp', 'TCD9ED.tmp', 'TCD9EE.tmp', 'TCD9EF.tmp', 'TCD9F0.tmp', 'TCD9F1.tmp', 'TCD9F2.tmp', 'TCD9F3.tmp', 'TCD9F4.tmp', 'TCD9F43.tmp', 'TCD9F5.tmp', 'TCD9F6.tmp', 'TCD9F7.tmp', 'TCD9FC2.tmp', 'TCDA213.tmp', 'TCDA214.tmp', 'TCDA245.tmp', 'TCDA3A0.tmp', 'TCDA42F.tmp', 'TCDA460.tmp', 'TCDA500.tmp', 'TCDA511.tmp', 'TCDA532.tmp', 'TCDA533.tmp', 'TCDA6BB.tmp', 'TCDA78F.tmp', 'TCDA790.tmp', 'TCDA791.tmp', 'TCDA792.tmp', 'TCDA793.tmp', 'TCDA794.tmp', 'TCDA795.tmp', 'TCDA796.tmp', 'TCDA797.tmp', 'TCDA798.tmp', 'TCDA799.tmp', 'TCDA79A.tmp', 'TCDA7AA.tmp', 'TCDA859.tmp', 'TCDA85A.tmp', 'TCDA85B.tmp', 'TCDA86C.tmp', 'TCDA86D.tmp', 'TCDA86E.tmp', 'TCDA86F.tmp', 'TCDA870.tmp', 'TCDA871.tmp', 'TCDA872.tmp', 'TCDA873.tmp', 'TCDA874.tmp', 'TCDA875.tmp', 'TCDA8FC.tmp', 'TCDA8FD.tmp', 'TCDA8FE.tmp', 'TCDA8FF.tmp', 'TCDA900.tmp', 'TCDA901.tmp', 'TCDA902.tmp', 'TCDA903.tmp', 'TCDA925.tmp', 'TCDA937.tmp', 'TCDA949.tmp', 'TCDA95A.tmp', 'TCDA96B.tmp', 'TCDACB2.tmp', 'TCDACB3.tmp', 'TCDACB4.tmp', 'TCDACB5.tmp', 'TCDACB6.tmp', 'TCDACB7.tmp', 'TCDACB8.tmp', 'TCDACB9.tmp', 'TCDACC9.tmp', 'TCDACCA.tmp', 'TCDACCB.tmp', 'TCDACCC.tmp', 'TCDACCD.tmp', 'TCDB15F.tmp', 'TCDB160.tmp', 'TCDB170.tmp', 'TCDB171.tmp', 'TCDB172.tmp', 'TCDB173.tmp', 'TCDB174.tmp', 'TCDB175.tmp', 'TCDB176.tmp', 'TCDB177.tmp', 'TCDB178.tmp', 'TCDB179.tmp', 'TCDB17A.tmp', 'TCDB241.tmp', 'TCDB242.tmp', 'TCDB243.tmp', 'TCDB244.tmp', 'TCDB245.tmp', 'TCDB246.tmp', 'TCDB247.tmp', 'TCDB248.tmp', 'TCDB249.tmp', 'TCDB24A.tmp', 'TCDB24B.tmp', 'TCDB318.tmp', 'TCDB382.tmp', 'TCDB388.tmp', 'TCDB70B.tmp', 'TCDB70C.tmp', 'TCDB71D.tmp', 'TCDB783.tmp', 'TCDB784.tmp', 'TCDB795.tmp', 'TCDB796.tmp', 'TCDB797.tmp', 'TCDB798.tmp', 'TCDB799.tmp', 'TCDB79A.tmp', 'TCDB79B.tmp', 'TCDB79C.tmp', 'TCDB79D.tmp', 'TCDB79E.tmp', 'TCDB79F.tmp', 'TCDB7A0.tmp', 'TCDB7A1.tmp', 'TCDB7A2.tmp', 'TCDB7A3.tmp', 'TCDB7C7.tmp', 'TCDB7C8.tmp', 'TCDB7C9.tmp', 'TCDB7CA.tmp', 'TCDB7DB.tmp', 'TCDB7DC.tmp', 'TCDBA7A.tmp', 'TCDBA7B.tmp', 'TCDBA7C.tmp', 'TCDBA7D.tmp', 'TCDBA7E.tmp', 'TCDBA7F.tmp', 'TCDBA80.tmp', 'TCDBA81.tmp', 'TCDBA82.tmp', 'TCDBA83.tmp', 'TCDBA84.tmp', 'TCDBA85.tmp', 'TCDBB49.tmp', 'TCDBB4A.tmp', 'TCDBB4B.tmp', 'TCDBB4C.tmp', 'TCDBB4D.tmp', 'TCDBB4E.tmp', 'TCDBB4F.tmp', 'TCDBB7F.tmp', 'TCDBBAF.tmp', 'TCDBBB0.tmp', 'TCDBBC0.tmp', 'TCDBC4D.tmp', 'TCDBC4E.tmp', 'TCDBC90.tmp', 'TCDBCA1.tmp', 'TCDBCA2.tmp', 'TCDBCC8.tmp', 'TCDBCC9.tmp', 'TCDBCCA.tmp', 'TCDBCCB.tmp', 'TCDBCCC.tmp', 'TCDBCCD.tmp', 'TCDBCFE.tmp', 'TCDBD10.tmp', 'TCDBDC3.tmp', 'TCDBDC4.tmp', 'TCDBDC5.tmp', 'TCDBE84.tmp', 'TCDBE85.tmp', 'TCDBF93.tmp', 'TCDBF94.tmp', 'TCDBFA5.tmp', 'TCDBFA6.tmp', 'TCDBFF6.tmp', 'TCDC2DF.tmp', 'TCDC2E0.tmp', 'TCDC2E1.tmp', 'TCDC2E2.tmp', 'TCDC2E3.tmp', 'TCDC2E4.tmp', 'TCDC2F6.tmp', 'TCDC2F7.tmp', 'TCDC2F9.tmp', 'TCDC2FA.tmp', 'TCDC30A.tmp', 'TCDC31C.tmp', 'TCDC31D.tmp', 'TCDC3F4.tmp', 'TCDC3F5.tmp', 'TCDC3F6.tmp', 'TCDC3F7.tmp', 'TCDC3F8.tmp', 'TCDC3F9.tmp', 'TCDC3FA.tmp', 'TCDC3FB.tmp', 'TCDC3FC.tmp', 'TCDC3FD.tmp', 'TCDC3FE.tmp', 'TCDC400.tmp', 'TCDC440.tmp', 'TCDC44B.tmp', 'TCDC44C.tmp', 'TCDC48C.tmp', 'TCDC52B.tmp', 'TCDC52C.tmp', 'TCDC52D.tmp', 'TCDC52E.tmp', 'TCDC52F.tmp', 'TCDC530.tmp', 'TCDC531.tmp', 'TCDC541.tmp', 'TCDC54A.tmp', 'TCDC570.tmp', 'TCDC5C3.tmp', 'TCDC5C4.tmp', 'TCDC5C5.tmp', 'TCDC5C6.tmp', 'TCDC5C7.tmp', 'TCDC5C8.tmp', 'TCDC5C9.tmp', 'TCDC5CA.tmp', 'TCDC5CB.tmp', 'TCDC5EE.tmp', 'TCDC60E.tmp', 'TCDC630.tmp', 'TCDC63F.tmp', 'TCDC641.tmp', 'TCDC646.tmp', 'TCDC6B5.tmp', 'TCDC6D6.tmp', 'TCDC6ED.tmp', 'TCDC766.tmp', 'TCDC786.tmp', 'TCDC7A8.tmp', 'TCDC865.tmp', 'TCDC876.tmp', 'TCDC8C2.tmp', 'TCDC8F5.tmp', 'TCDC8F6.tmp', 'TCDC8F7.tmp', 'TCDC901.tmp', 'TCDC908.tmp', 'TCDC909.tmp', 'TCDC90A.tmp', 'TCDC90B.tmp', 'TCDC92C.tmp', 'TCDC9DB.tmp', 'TCDC9DC.tmp', 'TCDC9FD.tmp', 'TCDCADA.tmp', 'TCDCC82.tmp', 'TCDCCBA.tmp', 'TCDCCBB.tmp', 'TCDCCBC.tmp', 'TCDCCBD.tmp', 'TCDCCED.tmp', 'TCDCCFE.tmp', 'TCDCD0E.tmp', 'TCDCDF3.tmp', 'TCDCDF4.tmp', 'TCDCDF5.tmp', 'TCDCDF6.tmp', 'TCDCDF7.tmp', 'TCDCE07.tmp', 'TCDCE08.tmp', 'TCDCE09.tmp', 'TCDCE0A.tmp', 'TCDCE1B.tmp', 'TCDCE29.tmp', 'TCDCE49.tmp', 'TCDCEE6.tmp', 'TCDCF26.tmp', 'TCDCF27.tmp', 'TCDCF35.tmp', 'TCDD187.tmp', 'TCDD1C8.tmp', 'TCDD1C9.tmp', 'TCDD2B2.tmp', 'TCDD2B4.tmp', 'TCDD2B5.tmp', 'TCDD324.tmp', 'TCDD325.tmp', 'TCDD326.tmp', 'TCDD327.tmp', 'TCDD328.tmp', 'TCDD329.tmp', 'TCDD32A.tmp', 'TCDD32B.tmp', 'TCDD32C.tmp', 'TCDD32D.tmp', 'TCDD32E.tmp', 'TCDD32F.tmp', 'TCDD330.tmp', 'TCDD371.tmp', 'TCDD433.tmp', 'TCDD434.tmp', 'TCDD463.tmp', 'TCDD464.tmp', 'TCDD465.tmp', 'TCDD4B6.tmp', 'TCDD69C.tmp', 'TCDD9E3.tmp', 'TCDD9E4.tmp', 'TCDD9E5.tmp', 'TCDD9E6.tmp', 'TCDD9E7.tmp', 'TCDD9E8.tmp', 'TCDD9E9.tmp', 'TCDD9EA.tmp', 'TCDD9EB.tmp', 'TCDD9EC.tmp', 'TCDD9FC.tmp', 'TCDD9FD.tmp', 'TCDD9FE.tmp', 'TCDDAD4.tmp', 'TCDDDFC.tmp', 'TCDDFA2.tmp', 'TCDE178.tmp', 'TCDE179.tmp', 'TCDE17A.tmp', 'TCDE17B.tmp', 'TCDE17C.tmp', 'TCDE17D.tmp', 'TCDE17E.tmp', 'TCDE17F.tmp', 'TCDE180.tmp', 'TCDE181.tmp', 'TCDE182.tmp', 'TCDE183.tmp', 'TCDE194.tmp', 'TCDE2C1.tmp', 'TCDE2C2.tmp', 'TCDE2C3.tmp', 'TCDE2C4.tmp', 'TCDE2C5.tmp', 'TCDE2C6.tmp', 'TCDE2C7.tmp', 'TCDE2C8.tmp', 'TCDE2C9.tmp', 'TCDE2CA.tmp', 'TCDE2CB.tmp', 'TCDE2CC.tmp', 'TCDE2CD.tmp', 'TCDE372.tmp', 'TCDE373.tmp', 'TCDE374.tmp', 'TCDE375.tmp', 'TCDE376.tmp', 'TCDE377.tmp', 'TCDE378.tmp', 'TCDE379.tmp', 'TCDE37A.tmp', 'TCDE37B.tmp', 'TCDE37C.tmp', 'TCDE37D.tmp', 'TCDE37E.tmp', 'TCDE7C3.tmp', 'TCDE7C4.tmp', 'TCDE96F.tmp', 'TCDE980.tmp', 'TCDE9A2.tmp', 'TCDE9A3.tmp', 'TCDE9C3.tmp', 'TCDE9C4.tmp', 'TCDEA63.tmp', 'TCDEA95.tmp', 'TCDEAA5.tmp', 'TCDEE32.tmp', 'TCDEE33.tmp', 'TCDEE6B.tmp', 'TCDEE6C.tmp', 'TCDEE6D.tmp', 'TCDEE6E.tmp', 'TCDEE6F.tmp', 'TCDEE70.tmp', 'TCDEE81.tmp', 'TCDEE82.tmp', 'TCDEE83.tmp', 'TCDEE84.tmp', 'TCDEE85.tmp', 'TCDEE86.tmp', 'TCDEE87.tmp', 'TCDEF57.tmp', 'TCDEF67.tmp', 'TCDEF68.tmp', 'TCDEFAA.tmp', 'TCDEFBB.tmp', 'TCDEFCC.tmp', 'TCDEFFE.tmp', 'TCDF00E.tmp', 'TCDF03F.tmp', 'TCDF0A0.tmp', 'TCDF0B1.tmp', 'TCDF4C9.tmp', 'TCDF4CA.tmp', 'TCDF4CB.tmp', 'TCDF4CC.tmp', 'TCDF4CD.tmp', 'TCDF4CE.tmp', 'TCDF4F1.tmp', 'TCDF503.tmp', 'TCDF504.tmp', 'TCDF505.tmp', 'TCDF528.tmp', 'TCDF529.tmp', 'TCDF52A.tmp', 'TCDF981.tmp', 'TCDF982.tmp', 'TCDF983.tmp', 'TCDF984.tmp', 'TCDF985.tmp', 'TCDF986.tmp', 'TCDF987.tmp', 'TCDF998.tmp', 'TCDF999.tmp', 'TCDF99A.tmp', 'TCDF99B.tmp', 'TCDF99C.tmp', 'TCDF99D.tmp', 'TCDF9C1.tmp', 'TCDF9C2.tmp', 'TCDF9C3.tmp', 'TCDF9E7.tmp', 'TCDF9E8.tmp', 'TCDF9E9.tmp', 'TCDFA18.tmp', 'TCDFA3C.tmp', 'TCDFA3D.tmp', 'TCDFA4D.tmp', 'TCDFA71.tmp', 'TCDFA72.tmp', 'TCDFA82.tmp', 'TCDFCF9.tmp', 'TCDFD0A.tmp', 'TCDFD0B.tmp', 'TCDFD0C.tmp', 'TCDFD0D.tmp', 'TCDFD2D.tmp', 'TCDFD3D.tmp', 'TCDFD3E.tmp', 'TCDFD3F.tmp', 'TCDFD93.tmp', 'TCDFD94.tmp', 'TCDFD95.tmp', 'TCDFF0D.tmp', 'Temp1_othActual Investment Guidelines F.Y 2022-23_Actual Investment Guidelines F.Y 2022-23.zip', 'VBE', 'VSRemoteSettings', 'VWDWebCache', 'VsHub', 'WPF', 'WinGet', '_TS1278.tmp', '_TS1C9E.tmp', '_TS211D.tmp', '_TS2936.tmp', '_TS2BFD.tmp', '_TS2FC0.tmp', '_TS2FFA.tmp', '_TS305B.tmp', '_TS3844.tmp', '_TS3AFE.tmp', '_TS3FC5.tmp', '_TS3FF8.tmp', '_TS47DE.tmp', '_TS4C12.tmp', '_TS4E57.tmp', '_TS51A9.tmp', '_TS5774.tmp', '_TS5A8B.tmp', '_TS630.tmp', '_TS678E.tmp', '_TS6D3A.tmp', '_TS79FB.tmp', '_TS812D.tmp', '_TS81B2.tmp', '_TS83F7.tmp', '_TS84D8.tmp', '_TS85A.tmp', '_TS8DB6.tmp', '_TS9390.tmp', '_TS9675.tmp', '_TS97E5.tmp', '_TS9D93.tmp', '_TSA580.tmp', '_TSAA89.tmp', '_TSAC5B.tmp', '_TSB01B.tmp', '_TSB157.tmp', '_TSB826.tmp', '_TSBDB.tmp', '_TSBE1E.tmp', '_TSC57C.tmp', '_TSCC5.tmp', '_TSD4E8.tmp', '_TSD940.tmp', '_TSDEBF.tmp', '_TSF0DA.tmp', '_TSF192.tmp', '_TSF1F7.tmp', '_TSF4E1.tmp', '_TSF865.tmp', '_TSF8C8.tmp', '_TSFABB.tmp', '_TSFDE6.tmp', 'a32e3415-4984-47e1-b5f3-731080dd5a34_Setup_Kongsberg_Maritime_1.3.2.1 master_PageConfig.zip.a34', 'acrocef_low', 'acrord32_sbx', 'acrord32_super_sbx', 'avatar', 'chrome_BITS_27608_1075113079', 'chrome_BITS_27608_1273950555', 'chrome_BITS_27608_1488330979', 'chrome_BITS_27608_268429500', 'chrome_BITS_27608_372868117', 'chrome_BITS_28128_2043559979', 'chrome_BITS_32104_1200536540', 'chrome_drag25964_1411248370', 'chrome_url_fetcher_18764_919180428', 'chrome_url_fetcher_19828_903595702', 'chrome_url_fetcher_25964_1418452631', 'chrome_url_fetcher_2708_325486796', 'collab_low', 'edge_BITS_2012_1633372233', 'edge_BITS_21748_993620300', 'edge_BITS_34404_1617246281', 'msdt', 'msedge_url_fetcher_17628_185871563', 'msohtmlclip', 'msohtmlclip1', 'pyright-10772-yGXRZfArSEyU', 'pyright-15540-CxAHuA3c7S52', 'pyright-17376-hw6BXK6e7N3n', 'pyright-27656-LsB6NGHuUFYA', 'pyright-3176-HGwF1QWMYzO8', 'pyright-36776-in2x6I4HJ7rc', 'pyright-37548-QF14ME58Y6gs', 'pyright-37548-oqO6l3VmlOEh', 'pyright-8288-8z2L78Plm77u', 'pyright-8288-PgWUevjB6pr4', 'python-languageserver-cancellation', 'rf-ls-run', 'scoped_dir10512_1386026876', 'scoped_dir10512_1786049888', 'scoped_dir22748_1425004183', 'scoped_dir27324_972349472', 'scoped_dir31556_1072287356', 'scoped_dir31556_17205503', 'scoped_dir35008_59161000', 'selenium-managerOUiJql', 'system-commandline-sentinel-files', 'tmpleqvd5q6', 'v8-compile-cache', 'vs.mcj-113109805', 'vscode-typescript', 'wfica32', '{001C90EE-1A21-4DB6-A3C0-E2E5BEBD7035}', '{00576B4B-A77A-483F-8E34-E65B73C18831}', '{02345749-735F-46DF-A2D2-62D8971C93F9}', '{028D20C7-0E11-48D4-A8F8-FAB199A241E0}', '{02AF2E7D-0A79-4632-9072-F3E82C8E786C}', '{0336419A-F61E-4E8B-BD4D-73EEB1BD7F36}', '{04CFDD12-53B0-43A3-876F-EF68FC69F0F0}', '{05160A2E-7823-41E9-8824-A4064EA6E7DA}', '{05DF7C59-6EAA-433A-8444-CD45E266FACB}', '{06B76902-FDBE-4973-BE68-2C865F76E16E}', '{06F2C1A3-29D0-4A63-A0DF-8311012DAF5D}', '{077DDEAA-B015-4FE1-8E25-9E4AB81395F5}', '{09774099-74CD-4E76-9897-E093FB07A364}', '{09BB2DD7-9DAF-4579-8BEF-977F6300E2A8}', '{09E9BF45-62AC-496C-BCA4-F2583D01A022}', '{0A009201-D49F-45ED-AA2E-BFEB56CD28B7}', '{0A1DC06C-5BEB-49A5-AA15-BABED650E229}', '{0A7823BC-37AC-4E3A-9697-5F0C051BFC53}', '{0ACD02D5-BF01-4EDE-8003-A07C96D3B44B}', '{0B48796F-7D6D-4027-80FC-BF628B7962E8}', '{0B65C816-9191-4EA2-B93E-B47ECA5F8A65}', '{0C58838C-CCF7-4EFA-A2B1-B016EDA693E5}', '{0DDEECB1-DFD0-4020-921F-A4E7CED6A7D7}', '{0E4029FC-9D16-4B7D-816B-00A241AE5600}', '{0EA29D96-388F-4D25-B768-42E88D763755}', '{0F7F1B73-C084-4B81-B51C-C562BDFA88A6}', '{0F9A3390-3A5A-4AC3-91E6-26F29D054EB7}', '{0FEA7FBA-10ED-49CF-84C8-CDF34177252D}', '{102165F6-97A1-4B24-B86A-45074BCF414B}', '{10FF2631-97DF-41B5-92DC-9149024DBD6D}', '{1163B35B-E628-4AAF-8AEF-D723E210AFB2}', '{1166E5E2-5D06-4A5F-92D2-FF2C9AC04667}', '{11CF7001-73BB-4111-B79E-827943F3D4EB}', '{11EAF477-EEC5-4DAE-96DB-EE30548AD5E4}', '{1204DA8F-0F14-4F0A-9ACB-F20AE344A19D}', '{13005022-091D-44F9-B1AF-646C6E5A4B55}', '{13006BB7-7AF9-4FEE-A95A-4CF8C119CF88}', '{14896471-FF29-471E-94DE-BCA23CE9A1D2}', '{151CBBF5-2049-42C6-8D3D-30E475728271}', '{1597C098-A6F9-479E-9AB4-1FC84D270379}', '{161AD4A2-25C3-4BEF-B966-287E0BBA57B8}', '{16E58B67-7271-421D-B6D6-686DF874F875}', '{1703EB7E-1C80-4C92-BDFF-17888906E6D5}', '{183DD958-517F-4BCF-94E0-0F9888B12AA1}', '{19E77E94-8579-4749-A33B-587578835D28}', '{19EA7329-9462-4C25-B3C8-499E45D43C77}', '{19F63302-EE8B-48E2-AEB3-1692E7002023}', '{1A1E483D-1F47-4F62-AA8C-EBAAFAA70B60}', '{1A9E67C2-3999-4680-BD86-A3ED608E26D4}', '{1BB0D81B-0D2E-4519-B15C-391A303E803B}', '{1C48801A-5A20-41C7-A98E-E99A87CB4AB5}', '{1C994FB2-75CE-4C39-BD93-E82D8BD2AFD5}', '{1CD7602A-901D-49BF-BAAA-3EDA21BEA0E6}', '{1E228D97-F7E5-4AF5-A886-3D074C530DA1}', '{1E456D2F-982E-45BF-B52E-CD4CEFB4B5B7}', '{1E8A9A5D-CD87-4DD1-B6F4-FE2A4D4E617F}', '{1F0D14AC-0EED-4198-A104-D2FC675B3C45}', '{20B4C3C3-5687-4E89-AAAF-367AED135F6E}', '{20B9121C-C8CC-4981-80E3-0E8D60156A19}', '{212594D8-7CD2-43C6-A655-B148421E35AE}', '{212D71DF-D157-4B74-9CD9-0B9059744EE3}', '{23EF5044-858B-427E-883A-6D633C2BC5AB}', '{24C2156F-5620-4DF3-B6E2-39CA4E276CCD}', '{24EE79EC-2169-4A50-8B5E-7F74F2330E8F}', '{2512496B-70E1-4398-9C4E-6446C1B48B37}', '{257F718E-3810-4CE2-AF36-075B557BF71F}', '{25C06D5B-20B6-4D7C-B894-FBD6B7BD54E6}', '{2657975D-3865-4813-A7F3-2C42B1935DB2}', '{26FF4A10-D120-4324-9990-106C2100923F}', '{276CA674-C6E1-4FC6-90BC-504B6323BDE1}', '{2842E127-CF3D-43AA-A4A1-AD606DA28442}', '{2852D821-783A-4A29-BE72-B1AA859E4A6C}', '{286CB0D4-1763-47EE-8225-CF067106264C}', '{28B7C300-0A5C-4B79-9F78-88ADF1E62C08}', '{29C75F05-268A-4CEA-92BA-06FE2AE10E35}', '{29E7302B-077B-4C76-A703-8CBAEE751D2A}', '{2A6F2439-64C7-4809-9FAD-0914004686F2}', '{2B6A1372-2DDC-4FAD-809C-2CCACE26A3E1}', '{2C7147EB-0C08-4AAA-931C-63EDAC660986}', '{2CF883D4-1647-4868-867E-2EF4B173AE16}', '{2CFC8037-7BF4-432C-A3DF-6E4AF506E223}', '{2D22011C-841F-491B-9B34-6A2C389E383C}', '{2D23A777-BAD1-4B19-90EF-28E507FC1F60}', '{2D535915-4423-4630-9F8B-4BF9C117B866}', '{2D9DC030-8BCF-46FC-B4E2-1405ACA00037}', '{2DD6678A-6FEE-46F3-BB5D-6FB7A9E96FD3}', '{2DE2C29A-2AEC-4C32-A875-2076BCAFEDED}', '{2E119C64-55E9-4843-9F26-1657B9CB0F54}', '{2E3DB17D-9289-4BA9-B141-B4CE95B0C7C1}', '{2E8A31D9-70FF-4987-97C1-3BE2149FDC6B}', '{2F0C576C-A935-4C4D-A858-4C9AA29AB895}', '{2F7092A9-64B9-4F19-8EEC-6EAEF71CB00A}', '{2FAB4B56-0958-4C95-AA85-104190D992CA}', '{301809A9-3E31-4592-8126-350F2A33332D}', '{307E20AA-8545-48CC-80A5-7CA35ED4998E}', '{30A348A8-EC67-4ED9-B46B-734A8608C7C9}', '{31181609-64B2-4812-AC3E-95752BC6048B}', '{3173ED18-52EF-4F91-8FE0-018E151D5B89}', '{31B73740-B7C7-4F5C-B5CE-7BB09A6B92FA}', '{31EC2DAF-7BE2-4B0E-AC43-09A0DC87C224}', '{321D4820-7D06-4562-BBB8-41DF427B16B5}', '{3275FB9C-F8C3-4B37-91FE-E0221EC9A042}', '{32877D4F-3C4E-4AAE-9BAA-96E00DE29049}', '{33805528-D1ED-4FBC-990F-BE7CBADD6754}', '{33A2C5A2-0D44-49FC-ADB5-FE13DE4F0125}', '{33CEFE27-BC91-46F6-B0DA-DC18BFF19CF9}', '{34D6E4B3-592A-4A82-A5A6-B101ED8902A4}', '{351DE68E-9C59-4B7D-BFCA-39C3CF6D9555}', '{35D106C6-D49F-41EB-8E48-AE95AC2AD4BC}', '{35DD5F67-ED58-428D-B00B-31F4E2DAFFA1}', '{36A43C7C-AB48-4986-8CAB-FFF12220387E}', '{36DA1F1A-5334-4ECE-B8FD-947F2646492E}', '{378E2000-1A31-43C3-8A10-0DFAD893886F}', '{380D0F32-F36A-47B2-AA4C-5A29093B4707}', '{38697933-56D9-42B6-A516-27F0FA56C090}', '{393EB8DD-8B74-4B3F-ACBB-D05C9FB4F108}', '{39674BC8-257D-4DCE-A081-85F072162F3C}', '{3AEE119B-BA02-4BBA-9F57-309D2BF72842}', '{3B17A670-85D0-443A-9856-7E542672B5CA}', '{3B5E5AB7-ED40-4BB8-8273-959F2E14FF85}', '{3B6DF484-A491-4E21-BC22-23015C009766}', '{3BADC1AC-57EE-4972-8F1D-4FA1086DA98E}', '{3CB061F2-B138-4425-AE27-DE2F2D6AD136}', '{3CCD4A34-A523-4BA5-BC31-F86E438E26EB}', '{3D57DF22-2EF3-4599-9573-71C33242B6B4}', '{3EA4E4F9-B7F5-4B3D-8FDE-223A65E70311}', '{3EA7C741-C040-4A5D-A2BE-F76B17BEFE69}', '{3EB2D393-7A03-4634-96A8-1CF728A0390A}', '{3EF2E120-1C03-46AC-BE75-3A0B0742BE31}', '{3F13D789-C1BC-4BED-80FC-45DA5A2BC0B1}', '{3F42F8EC-6FB5-4EC4-AA05-D011585A62A7}', '{3FE65FE5-6AA3-4E4A-A232-92509D6AB43B}', '{40255894-F087-4F77-9E0D-4E15034847BD}', '{404C8791-96A9-41B2-B2A8-70DE3D841142}', '{409498A5-3446-4E45-98A7-D94539467DAF}', '{40E3E629-3D38-4575-8A88-D076D0418DFA}', '{416DB5CA-2461-4E57-A6D7-D3BABFD85ECA}', '{417374DB-AEDB-4C46-8076-002633D1445C}', '{41A5BC3F-BB60-41E6-AE7C-FF940CFDC980}', '{41DAED8C-95E5-4E84-95EA-FF3899786DEF}', '{422FA36B-25E2-4593-B832-465B0EF3C5A0}', '{42402A73-FC97-4F17-B2F3-3F0E8EEAEB95}', '{429B6814-BD1F-4B6F-988B-FB6984D91039}', '{4328558A-9693-4322-AE9F-F68169B2029B}', '{43522273-0F28-4C04-988D-15F532D15954}', '{443603B5-17F7-4809-8A54-B9A9BE0008EA}', '{443CB610-DD29-462C-8D14-AA9E3CEACD37}', '{44B92568-DFDB-44AB-8726-4B16BF6A8291}', '{45A17FF3-46F8-4AE0-AA2C-00015CF1C001}', '{45C02828-6EAB-4517-AD46-E196FF8B8471}', '{464E4CD1-F4AB-4B4B-9E3F-B696FC649808}', '{46933F2E-D3D1-45AA-9C5D-43BC65DDF132}', '{46DEE119-843A-4137-BA0D-B02A2ABCC772}', '{47A8C751-06B8-4F9E-AEE0-1E133EE6AA55}', '{4825B406-DCBE-440C-8734-D4EE0973E00D}', '{48848DD1-8DAF-4C40-B8B3-F1B78D321175}', '{493811F2-3424-4F95-B014-C0A686CC4447}', '{4971A303-B56D-411E-B04D-4ED15CB116D3}', '{498C69B9-A219-49A3-A94E-95679999E023}', '{4B2D03DA-48DD-4129-A487-D8D4CD43E7E9}', '{4B662C3A-A607-4196-9016-632ECA5767A3}', '{4B909AA4-2202-4B2B-887D-E81E9371F8B2}', '{4BC33DB0-8157-494A-8352-28BACF90195E}', '{4CB59134-721C-4932-BB74-33B644FC958C}', '{4CEC7256-C93E-4EEA-91FA-9A415A41F8B4}', '{4D55D8F6-B2C4-415F-9630-2803EC5989FC}', '{4E33FEC7-4AC2-49EA-8AC6-65D7FF4F5253}', '{4EF1BFF1-C6D0-4388-B8F3-5A2C26406D18}', '{4F2F0236-D6F3-4E8F-8FC8-FE137BA9F526}', '{4F400383-9CE3-4E08-93E0-8A0E1A3030E4}', '{502CC4C0-FFC4-4893-99F3-91B7CEDE91F0}', '{5034D27F-74A2-4F99-94E3-E09A9F596E59}', '{50708103-02E7-4383-8E6A-3D59129A3B53}', '{507EB09A-B3D9-4B56-99ED-3FDD7812D7B5}', '{5080648D-C44A-4BF9-AB46-04D7DA8C6887}', '{51BF9A68-FCE7-454E-AF05-1E954E378F01}', '{5213404F-F268-4197-A13E-B94DD50084BE}', '{52163A66-947D-4173-922B-45EBC6D83C14}', '{5229AF02-FE1D-4627-A485-CDD21801394D}', '{52677115-FFCF-4FBA-9511-A42B414D1C5B}', '{5315B07F-2AB4-433D-9B0E-E1E64713A363}', '{53292547-7DC1-4749-966B-DEA33B8BF618}', '{53AA7932-7252-4213-8F52-01012A63FBCE}', '{54D4C3B9-F1A1-4B1D-9468-8192D90CFAFA}', '{5558557F-9FE7-4FE6-988B-CDA8DF569F1D}', '{55D5C93C-C14F-47B4-B79E-456F195A30A3}', '{5605C5DF-CF44-458A-8D66-BCC2AB33A086}', '{56301945-7C22-4528-87EB-321FBE6948EE}', '{56395D93-E492-4466-BA41-AFCE67C3175C}', '{5647C750-6D83-44E8-A9BE-113BF852F558}', '{56B3848E-B563-443C-B198-09BF498393D8}', '{56E384B2-3E11-4109-96F3-EED506CDC6F1}', '{5733ED84-9026-4FD8-B1A0-8443E9A3D08E}', '{57348ED3-92BF-4830-AFFA-5A2DD9713E39}', '{57A8789B-A520-4614-913B-47B91CC1946F}', '{57AEB34E-A96A-4E16-AA2F-68261BD94A98}', '{581C1EC1-01A0-419F-8CF9-C0FEF5568D0D}', '{591C2225-B250-4196-93ED-87EA9429D6E8}', '{59747BA7-1A4E-40EE-A084-37B875C3ED28}', '{59F59569-6B99-41E7-AB9A-7FA0F82C99C3}', '{5A792C4B-4EB8-47AD-9EAB-A66850013CAA}', '{5A9BFE66-A86A-4F7F-A216-3D2D866E1348}', '{5ADD3F64-E72E-4321-A13D-36AED3C15B79}', '{5B1B5EEE-FD80-4096-AD84-7ADC24686512}', '{5B47A815-8DF1-4B9A-95E7-DCA6130BB326}', '{5BE92CD2-76F7-4397-9B86-5E955A75B82F}', '{5C5F6E18-BF7B-470E-B6F3-38E8BD6D4D98}', '{5C7E4271-EAF1-473C-9AA9-4C5E4EA50AE5}', '{5C8FC164-AEB7-47A2-9546-9FC671BD8759}', '{5D1EB7B2-85FD-48DA-8AF8-BE7FDE165F6C}', '{5DA9A396-B187-4FB5-B196-0DD2E26AFE32}', '{5DFD7839-272A-4FBA-B661-304C0B928AA8}', '{5E15AE32-2F78-4260-B5BB-1E7A08BA95B4}', '{5E1BD324-341A-4A70-8D4D-93D6BA86619D}', '{5E2E8FD4-E4B0-404B-A0C1-997AC7695CD7}', '{5ECAFD35-E811-476A-8797-7487ED75BDAB}', '{5F7A9207-0635-4DF8-97F4-05F50731A172}', '{60044DD5-15E8-485B-8435-3536020100B8}', '{60168292-BF19-4B2F-B22E-3E276EBCC588}', '{6072F0CA-6429-462A-94B2-E7CD646A739C}', '{60A39C16-2F46-4BE0-A1E9-2C06A0A8A3BD}', '{6159C77B-6590-459D-9F5A-015BE8F966BD}', '{632146FC-49E6-4353-BC52-C15B0484A4EC}', '{642930A9-3152-4C23-BCB9-73FF0A604F35}', '{64AFD334-A8A5-47DD-B69A-3CA406FEA8A5}', '{6546DE00-3209-4893-8CB7-8A01705011CA}', '{6616C427-9107-4294-8DCA-81946C4035E1}', '{66F7E937-9048-42E4-9887-4469FF529B9B}', '{670FA25D-20D1-45DA-8417-6FA228092495}', '{682BC6CC-F23A-48AD-AC05-27A511321DC4}', '{6925195D-2F67-4AF1-BED0-9B5FE57ED063}', '{69618E40-28A3-497D-A74D-9957A5362715}', '{69F75043-88EA-489C-B07B-E1651E362A91}', '{6A55DEEC-810D-4C4E-9CEC-579FBEC66BC0}', '{6AEA9E6D-3728-4F85-8C82-DA6C9B8890DD}', '{6BA2EA3D-E1BD-463F-A438-DEB022F984DB}', '{6BE6A672-A72B-48EE-AE62-13D30A79B92B}', '{6C8247F2-E1D6-415D-B22C-6DC30116BD2B}', '{6CB39C69-BCBA-4FE1-A6DC-E9CF7883EEC9}', '{6D45EF38-7F44-4523-B869-1DBD8C8B0DD5}', '{6E9C93A5-CF2A-4DD5-B6AE-F893351EEAD0}', '{6ED127A8-2AA4-423C-B6F1-B3D90C0B210E}', '{6ED21FF4-04B9-492C-A749-1D79611103D9}', '{6F010F8E-2A5C-4DCE-B34F-49EB325DA30C}', '{6F232863-2196-451E-BF10-78E3F185B11F}', '{6FF68EC0-30DD-4152-92F3-12DE89539C8A}', '{700AF4B8-92A2-4AA2-91FF-76A8A97180B5}', '{70731E92-0E54-4E48-A2A4-5EA44AC89542}', '{70C5302B-C9FE-4B42-91C7-48048970ACA4}', '{715FA38E-F396-4357-A617-DF62F82A1291}', '{71833CB2-ED88-4590-9761-6B0675A59F24}', '{7271CF87-3A04-4225-BC91-45BBD1DFB46F}', '{73278CAE-52E3-4544-BD9E-FB7D51D26B94}', '{747829CF-D530-468D-B2FE-5D975E346424}', '{748BFA3B-D3EF-481B-BF71-9C43F85CB632}', '{753CFD43-B927-45EE-8D85-CE1C91F5765D}', '{75839483-6710-4DA5-8DA2-26270F38C20C}', '{759BF838-0CAE-4033-B18D-648778CD64B4}', '{75C51317-C635-40D3-95A0-DB06499AA16B}', '{765B26FC-329E-452F-85F3-C37300F9C9B8}', '{76BA825A-2266-4B7E-AE58-AF255F63C63C}', '{76C3012E-7871-4332-A4A2-D980A4132C09}', '{76E57C87-576E-4CA0-AED8-504686243833}', '{772117D7-8493-44D7-83E2-B20D5E9B9B56}', '{7770A2FA-B63E-4815-95FC-A3209941EB2C}', '{77DB66D1-1933-44D3-BAC6-C043B3038DBD}', '{7807D11F-E5CC-437F-B0B7-BE0A63A17A0C}', '{7851878B-9204-491D-90CC-37582382A14C}', '{78547B03-FB1D-41CD-8A95-6D9F33E654B8}', '{78991C49-E991-4E71-9221-B973F8BB79DA}', '{789B15B5-25C8-41B7-9A88-71ECC3E1C1E2}', '{78FB6432-6AD0-4802-AA69-86D796F0E405}', '{7AF207BE-436C-4580-A400-7A07EF33C733}', '{7B219139-0AC5-4222-BC20-C22C033F0823}', '{7C3E67C3-ECA7-44ED-BF88-C90BA689DE95}', '{7C7F6DBE-3F7D-4C8A-BD36-B83890F59A9A}', '{7CEB7989-5F79-4D63-BF00-79C3B6804F58}', '{7CFAAAAF-C48A-4909-94F0-D4F9B0B6B0ED}', '{7D0BE472-E283-4D53-84E6-4F2D02FEEE69}', '{7D1E8218-750D-4EC0-995F-BA1771B1D267}', '{7D4DE823-1A14-4C42-BF5B-D02A66081FA1}', '{7D57E07E-B5E7-4CB2-B7A9-8C5DF84B6A35}', '{7D583CF4-0CAE-4565-A03F-304C1FEF2AF7}', '{7D9602BE-3872-4619-8515-345C4A921309}', '{7DAB050B-B213-47EC-9D12-A4C80378C92E}', '{7DF520DD-FB21-481A-A443-B2EAD699152C}', '{7E7DDE2F-693E-4915-A88D-2E2312695C08}', '{7F11AF2A-66FA-4071-A726-0DF591025165}', '{7F854E07-E356-4827-8876-CF0A7D4E408C}', '{80375ECB-0A1A-4F6B-A9C9-A91CCA597B17}', '{8060F5F5-8AED-494B-81E4-187EFC58AB4F}', '{809F8207-DD21-4FFA-8923-C22B706F2EB2}', '{81170B4F-6F8B-4C69-9A27-44644A4EA0B4}', '{815D506A-4A53-4557-B68A-01C4A70EA406}', '{8185489F-3CBA-4CDD-818B-A9EC4020C4CD}', '{821D3727-677C-4292-9614-54E77CB9F167}', '{826CB604-F336-49C7-8C1E-3C1CEBE10817}', '{8327C07F-DEB3-4F30-9EF0-633681812FB6}', '{83317674-9DE7-44AE-8D15-4DFDF07F3E11}', '{83AF7289-AD18-498F-BF85-CC55C202EA4C}', '{83D46284-4DAE-44F3-B1E0-13505D51C91A}', '{83FC5176-CCD2-4803-B28F-C33A2DB23450}', '{84697E82-1CA9-4EC7-955F-AC6A26460767}', '{848889F6-539E-4A61-A999-F59D1B386E12}', '{8531D602-8B0F-41B9-A766-5AF88241B7F7}', '{86A0297A-DF7F-4F99-A08D-F39BDD3F0CA7}', '{86D99882-F123-4853-B392-BB50371671E7}', '{87A2D23F-A721-4DE5-9546-221EB4BD64D5}', '{87CDDAD3-27AC-4D85-A19E-9B9CE1C8144A}', '{87D26B0E-D765-4198-A0D2-1BD8940F714D}', '{87D94A02-365E-4A89-9458-60855388C978}', '{8866265F-0392-4F7A-AABD-93600E26ED13}', '{889F4081-23AF-4FA0-B225-5045219E2212}', '{89705FE0-8FA9-4391-BB1A-F22B1578551D}', '{8996ABF5-0E5C-40D8-A14E-8C5AA152D926}', '{8A082597-83A5-47B1-9750-6577A29E9508}', '{8A74B3C5-365B-4D63-AB9C-4E5E31F86D8B}', '{8B624BA9-FF4C-490D-BD67-9B1A30CBEC65}', '{8C1BEC06-1278-47E3-9F60-FB649DAC4830}', '{8C1CDCE6-177A-4A13-9756-6C91ABF61E90}', '{8CDC8B13-6AFD-46CD-AA15-4C7CC703308A}', '{8CF6758E-B67C-4858-979D-A5030CD10CE3}', '{8D2C2547-95AC-4282-9538-C436DEDA4250}', '{8E7AB74F-B93D-449F-80CE-295791D2FEB3}', '{8F535D73-5336-4E3F-A0B8-9E9C987ED9D5}', '{8F711141-666E-4597-A255-129E0079D5C3}', '{8FCAFC23-6E43-4592-87C0-8E2751A34B7B}', '{8FDBFE9E-5107-4245-93C6-6ED6AC852A6E}', '{90AD8A0E-5CEA-4219-9E1B-592279BBE9F4}', '{90B2B006-17FA-4A8B-8E10-7CCE8540744D}', '{927CD96C-7FF6-4367-9833-10769CFDA4AC}', '{92B9CEA7-5BD1-4EA0-B9AF-A9BE6A181B7D}', '{92CC52C3-0E8D-4E9D-B18B-517D37F2D0A1}', '{93093D0A-1E1A-4842-9F7A-28DE3B1E73B0}', '{93411DC1-E9D1-43B3-9E6B-F4310C1F9E76}', '{937AE385-8FB0-4F78-B351-5A03FC27C2C7}', '{94D5EFFD-3D77-4A07-9854-3B950F41023A}', '{9603A932-019A-47F0-B279-36756ACFF0B0}', '{96E51D5C-43A3-459E-A4DF-050DB62FE0D0}', '{97107A9A-8E68-41CF-9A6B-B9CB72A892FD}', '{99579883-3284-46B2-B791-10127E352F07}', '{9A94647D-B622-49AD-B25E-001665A8A2D3}', '{9AFBE83D-49DC-4825-9EFB-94D8407A0075}', '{9B2EF131-EB96-4AFA-8717-87F4BB792925}', '{9B31ACC9-51BC-4185-8BBF-F2BCDCCBC345}', '{9D0099BC-29F2-45D3-962C-5A45C57E642F}', '{9D031B58-1FD2-4CC8-847D-B4BE33178A42}', '{9D10247E-5ACD-4197-B150-82AA82E47BE8}', '{9D535C4A-DC57-4589-9999-415FFE410160}', '{9DB27A13-8A84-42DD-928F-5B0551CD14AC}', '{9DF45A6E-C658-4506-A5C1-3D2830FD5C76}', '{9E3F3DAE-3D77-451A-BE6A-D20AF214FE2D}', '{9ED8505F-17B6-4ABD-A267-2BE4D7A62455}', '{9F107752-AD7D-435D-BD93-3CADEFC2B2E8}', '{9F626E40-C44F-43D2-8525-303A22151CC5}', '{9F956964-EE2E-408C-8655-FD8B1C87A4E4}', '{9FBFDEF3-9396-4369-8FBE-7EBDB398CA11}', '{A0437CB1-8589-4606-B097-F97E5EAAC81C}', '{A0654BD5-ABB7-4AB9-885D-283295A0E218}', '{A07E2851-205B-4A09-B60F-69AB41BBF6F8}', '{A0F87C1B-EB81-4060-966E-52204F34530D}', '{A1BEE31E-2165-428C-987E-6FEF1FD69CBE}', '{A25A8C84-BDC5-473C-AF21-690393D77049}', '{A2FF83C5-421E-42AF-A009-0129239C7964}', '{A373BE62-7AD9-4451-B7B3-33A968E82F8C}', '{A3916356-0ABC-46E2-848E-60390EC6F2EB}', '{A47CD541-15BE-46E6-9FFA-2078FBB7BF2E}', '{A48C1168-9238-4349-89B5-6E6227F3281F}', '{A4A9D97E-88FF-45C9-8301-517D00859459}', '{A4E346F1-4B33-4EE6-A6F8-99DB5FE8BFD5}', '{A4E905B7-07B3-426D-8A78-28B6796B90BD}', '{A6B55E6B-6B12-479C-B65A-3970C77A5AA8}', '{A6D67652-FB94-407A-B814-4C47F7918005}', '{A7DDE27F-75E1-47CA-912E-371A5546FE3A}', '{A8740C86-A4E1-4091-8C4F-F5B8C58230D7}', '{A8A8EF0B-5D3D-4FF7-8585-89533A11BA6C}', '{A8F6167D-E27D-4F98-9677-DD0E1659B82C}', '{A9544540-FB5C-4B2F-A1E4-2F1D74C18ED1}', '{A95F5C77-E820-41FD-BDDE-684C1EB036CE}', '{A9632FC0-4E15-472A-A222-3ADE10B9A6A2}', '{A96440DC-1AB5-4E81-B2C3-3879BB1AB627}', '{AA23BCD1-20AE-4CAA-A091-EB6B460C210C}', '{AAD545E6-0C4F-4B14-890B-B91DFD59F064}', '{AAFA3623-91FA-4946-B949-D2162E54EB46}', '{ADAD4F74-AB11-479E-85E3-763A31E1C360}', '{ADF2FD4C-6EE1-40A9-996D-0901F20B8013}', '{ADFC4827-75B4-45E8-B248-A7C2C87948B3}', '{AE76FD20-2FFE-47ED-8E50-2346A9086FBB}', '{AEA6DB75-D9FE-4DA1-9727-0BE6EF44984F}', '{AEA82CBC-0D77-47C4-B740-16C1E6A4C590}', '{AEF6E7B7-EB13-421D-8922-0944DD732C50}', '{AEFABBF0-5726-4E5B-B6A3-8C19198F7F9A}', '{AF43057C-595B-47BB-A1E5-B057375D9E9F}', '{AFC86E64-6F9A-4F16-9834-4142C36E936D}', '{B063C31D-A2B3-48C8-BB39-7CF22E291745}', '{B194112F-2993-4CD0-8EF5-30509B16E4B3}', '{B1D18D40-BC27-4771-9D75-7F185EB8BE35}', '{B1EE829F-04C6-4C7A-B1CB-2473E6CE8F61}', '{B209C171-D003-4AD5-A0BF-82D8FD4D3F80}', '{B21BE3E5-5FAF-4749-9958-F3416EE24AE0}', '{B29B8001-CC9F-4406-9BB9-0C1B96D4B0F1}', '{B2BBEEE3-4853-4043-9D29-D5E40E9124A7}', '{B2F21610-2897-4EB3-A128-FD2AA468170E}', '{B2F67DC9-9DD7-46D5-886E-45B314F0CA68}', '{B3F9425F-2A0C-48EF-BC2C-0CE89FAFEA3E}', '{B5337B43-271B-4FE0-9965-11AF396DBAC8}', '{B572ADCF-192B-410E-9CC5-3AC9B289F4D6}', '{B5B3E7B3-7E74-4723-8D64-D1B539A63217}', '{B69CE612-4446-44BA-B8D6-6B465C0ACD51}', '{B71A7F51-234B-4D6A-BBA6-6FF04B261DB6}', '{B7E6BC92-0899-417B-93C6-00F69AA4B12A}', '{B7E9759A-1CCF-4911-B549-921D48ED9626}', '{B83B4D4C-C5B0-44EE-BF4D-321B1B40721E}', '{B8D6622C-1B6C-4A57-9457-B0FFEB30828E}', '{B910C457-A111-4CA4-8D97-875EC6A750D3}', '{B9F20157-2DA4-4335-BBDD-B75B37476A62}', '{BAFDDE8A-6F36-4C9C-B992-22753F953DEC}', '{BC0681A4-1E3F-4BE7-98E1-90AD38D37603}', '{BC553AF9-AA09-4433-B401-975EEE8E0F29}', '{BCC089E0-E357-4EF2-8D05-9EE664DB328F}', '{BD286171-9B5C-4820-AC59-FCE9D3A09504}', '{BDFEA57B-1731-4895-8CC1-DFD69C175DA7}', '{BE97CAAA-7F58-4E58-A880-6185DA64ECE9}', '{BEBE9E0A-FF9C-4691-A1E7-C3F7C2E87CAD}', '{BEEED7ED-2EB2-44AC-B470-35593E0FE1E1}', '{C08ED730-2E29-4066-9622-D6DD3D8414C2}', '{C0BAF563-2951-4A11-98C4-0AC13C048001}', '{C1A19117-1F17-4885-9A8A-C7D8F983DED5}', '{C1A451EB-83AC-48E4-854E-7A70D3CADD70}', '{C2D7995F-010C-4E15-9501-7BF11F3F4444}', '{C2FC76DE-84E8-419C-B33B-F929CA75ECED}', '{C40A43C5-B245-4BBB-AEC7-F37DB61221F4}', '{C47320E8-F904-4C0C-A6DA-7526C11B03C1}', '{C4A6B9A3-A332-48DE-BC72-4C5FD8701672}', '{C4D8184E-3F11-4D92-B9AC-38A2F60E65FF}', '{C50DE454-B428-4FDF-9617-314F0A96FC94}', '{C5338BA5-9F47-49FF-A549-B93F099CEAC2}', '{C559C291-E230-4789-8E92-2F58B5B47F59}', '{C63C7331-961C-4888-B81E-5D2F8DE333B6}', '{C6FAFE93-CC12-4C49-AA24-F64F5DAEA723}', '{C865E1EB-D631-4CFF-8399-85443FE8A8B9}', '{C8FA8F57-BEC0-40A5-A7A9-E24759CFFC9A}', '{C939A76B-29AC-4C48-9220-08B6CABABE2F}', '{CA525A3C-D112-4AEA-B922-81B6729B613A}', '{CB40AA31-B2A8-4143-B5A4-8D0115AB22C7}', '{CC541365-C6C1-451D-9857-A680ECC10C13}', '{CC5A323C-C9CC-4647-8ADD-7047E9F7CFD8}', '{CCE31E41-20C8-4FEF-8528-6BFE775BE4D4}', '{CD5FA87B-A7E6-4738-983C-A4B5A94586A2}', '{CE56EDCD-1B5E-4516-8C8E-8C559D8E1F67}', '{CE892DCE-5EED-4C4A-9F51-C5CFF985099D}', '{CF5F6D5C-8D73-47D9-98F6-D6233B3EE94D}', '{CFABC6C7-1C83-404C-8212-35F85C90D948}', '{D01C852C-5492-4D2E-BEFE-34950B5C78A4}', '{D03A0029-04C6-4638-B798-A8D3CFDDE895}', '{D05F2098-AEB2-481D-9AFA-734BEBE32C35}', '{D16A5EF0-B538-4313-8AF3-4057F3B1F214}', '{D1CD9AF9-CBF5-4449-85F9-15E754894ABF}', '{D3855F83-785C-4A4F-81ED-6CCB4ECC635E}', '{D3E81A04-1FF6-492C-85A7-71B81E0CF05B}', '{D40DABFE-2E6B-41A1-8F83-ECD7290CEF99}', '{D4602B4F-41DD-4FEB-9FE2-587A4B544F09}', '{D550E0A4-EA1A-41B3-83E7-40D82F8C497C}', '{D65F8DE4-EDCF-4DF2-9888-8755D78F7F31}', '{D66BCC9B-4670-49F2-B081-D809D52D8B05}', '{D6746B3E-B8F6-4CA9-9B86-20D43F20A5BA}', '{D6AAAC04-2A07-4F16-8971-90E4462D8F9A}', '{D71961F9-2906-4BBA-AC85-2BAE9504553D}', '{D7CE5C59-202B-4FEC-A75E-0C456C0C74DE}', '{D8254175-2172-4502-B68C-4463F47DD1A0}', '{D8BEBD8F-8453-41AF-B1D6-3E518E4E0D1B}', '{D8D9292F-5D8D-41A6-AC3D-61E7F1DA720E}', '{DB5CCFDA-CDE5-4CFB-9948-81717666A6FB}', '{DBBCAD70-2EE6-4933-BD97-367F2D7EE3D6}', '{DCA16FAD-2305-4B31-A294-717809B7CEB7}', '{DE1194FC-31CC-40BA-B420-DAC89CBEE49F}', '{DE528E64-66A0-430A-AC8A-7196D24D8A58}', '{DF8B5174-F80D-4454-B06C-8408CBFDD7F0}', '{DFA49292-2B92-413D-A87F-D6FDEE42E060}', '{E019086F-4E39-4C17-BF1D-7DD515E128D2}', '{E0FD8928-811C-4417-938D-A56AF9E2BA2F}', '{E11B32C1-8839-48FA-9669-D2366B67DB51}', '{E12B0987-9E46-45A7-AAE0-F86CCE628FF7}', '{E12B09BD-9BB5-4FE9-A932-802075D5676C}', '{E18D5CF7-79FD-469B-BFA0-5B09AEACB6C7}', '{E1DFEDE6-7147-46E8-AA7F-F68AE565B96A}', '{E203D752-83F3-4C5D-ABCA-307B5D45773B}', '{E254EEAE-7B0F-45A3-8DE1-F6740B497BDF}', '{E29BD90C-C520-4C63-9CFB-1DA1F2EA0E4D}', '{E32638DA-D96F-4E1C-8956-640F326A185E}', '{E3911B62-43A1-47F4-BB02-DE9366B8D2E9}', '{E3BA86E3-D2AE-49A3-932D-B9054BF40501}', '{E42C49F7-F65A-4F3D-AB3A-5E63E105AB88}', '{E44F7FE6-4470-4EF7-8930-55C73621D50C}', '{E493F3D2-EAB8-4CD8-9EE1-6A4F124DAFA7}', '{E50F0207-E7F4-4558-9DEF-C7493FCAAA02}', '{E5247862-0167-4B46-8FCE-5101008A3921}', '{E5B4B483-4006-4BCD-A2A2-9B369779E9DE}', '{E5BB7CF1-6488-4086-9C95-243CF2FC5CF0}', '{E691A576-E27E-45D1-A085-57092C8207C4}', '{E7A00B98-7673-403C-B84C-2164818A0236}', '{E858C53C-8440-4BB1-8220-A62CB0B8723C}', '{E8F68C0D-FCEE-4E33-8898-C1DD4A59F631}', '{E94033B2-6A80-4FC4-B62B-4AB1D1A97EC3}', '{E958DB8A-CF4C-4A6C-982E-A18E6993E45E}', '{E9BEC0E2-50F3-4512-B1F6-14A8413C43AB}', '{EA2FAB5E-A961-4D12-A717-FC246FADF7E6}', '{EA516314-4AB0-4187-872A-A2AFB2386403}', '{EA9A75A9-D278-4350-97E7-2F8189CAC6BB}', '{EADF588E-5DCA-4851-A4D1-166190330DB4}', '{EB035992-B425-4632-9898-1C8C649CB7CB}', '{EB2010B3-3A04-48C0-9006-4797F46BCF77}', '{EB2D016F-CB75-4307-A586-BD94F5A16FB3}', '{ECE56BD4-1FFB-4620-8F09-1BE052FC85AE}', '{ED47DC22-BCCE-467B-9805-0B7221F33997}', '{EDC38A22-9219-4EA3-B819-704463F04F2C}', '{EDE483A5-5214-46B2-AAA2-85C6E2FDC2A3}', '{EE5F8736-22A6-4187-9D62-D57CD719E7FD}', '{EEDB2D68-BC36-40F2-940A-57580C21F439}', '{F048859B-14CD-4F78-9094-D7C041C1683F}', '{F04EE952-3570-4730-B9D4-6006D1A4A569}', '{F05F012A-0A19-483A-BFBD-CA020FA39C7D}', '{F0D4C0D0-AC85-490A-A8C6-25B684F9309B}', '{F1A8255C-66D4-497B-8603-A9D954276279}', '{F1B126E9-090E-4495-9253-CB263B125F2E}', '{F24E46FA-F798-4A5C-BC34-280420C27C45}', '{F2E2E060-3C85-411D-B88D-3A74800CCEA8}', '{F4014939-ECFF-40A3-ADF0-CF6EBFC6C21E}', '{F44AA061-10F5-4CE2-A4B8-AC23DCD6F831}', '{F495B819-3512-4455-BB09-67D572B23E00}', '{F49D2EFE-BAE7-47A6-92C9-4B88616649C9}', '{F51C2E48-9280-47C1-8681-D4815819A12F}', '{F614DBC0-99A2-4B2A-851F-7D48A7CE6243}', '{F6C85F5B-6F15-421C-9DD6-2FF20476AC65}', '{F6CA2611-0424-4AB9-8C04-E9E0902CA71E}', '{F7C54117-091E-49D8-BA77-CA213409E438}', '{F870DF5A-040C-489E-9DE5-E49A88D767B3}', '{F89F309E-25EC-473C-BDB4-E7CCEDDA830D}', '{F9259CDC-F1D5-413D-A113-778BAD0B3062}', '{F954CFC1-A1FD-49D5-BC61-B0189990FF33}', '{FB6295E6-DB84-43AD-BAED-99047DBF80EF}', '{FC9383AD-013A-49D9-834B-AC3E2D0D6226}', '{FCCBCEF4-CB1E-4E5E-9B09-9419DD4E2EB9}', '{FE00808B-4B40-4B24-9473-5BFEA073BD31}', '{FEBC6A07-4D48-4D3E-A572-37A724F258F2}', '{FF40F102-65B4-477A-8AD2-EC28501DA96F}']</msg>
<arg>${files}</arg>
<doc>Logs the given message with the given level.</doc>
<status status="PASS" start="2024-10-23T10:44:08.039635" elapsed="0.000000"/>
</kw>
<status status="PASS" start="2024-10-23T10:44:07.921388" elapsed="0.118247"/>
</test>
<status status="PASS" start="2024-10-23T10:44:07.880842" elapsed="0.167314"/>
</suite>
<statistics>
<total>
<stat pass="1" fail="0" skip="0">All Tests</stat>
</total>
<tag>
</tag>
<suite>
<stat pass="1" fail="0" skip="0" id="s1" name="Demo3 Suite">Demo3 Suite</stat>
</suite>
</statistics>
<errors>
<msg time="2024-10-23T10:44:07.909491" level="ERROR">Error in file 'c:\Ptyhon Robot\TestP\robot_suite\demo3_suite.robot' on line 2: Library setting requires value.</msg>
</errors>
</robot>
